[0.601s] Invoking command in '/home/habiba/AP25_Stepper_RnD/src/stepper_pkg': PYTHONPATH=/home/habiba/AP25_Stepper_RnD/build/stepper_pkg/prefix_override:/usr/lib/python3/dist-packages/colcon_core/task/python/colcon_distutils_commands:/home/habiba/AP25_Stepper_RnD/install/stepper_pkg/lib/python3.10/site-packages:${PYTHONPATH} /usr/bin/python3 -W ignore:setup.py install is deprecated -W ignore:easy_install command is deprecated setup.py egg_info --egg-base ../../build/stepper_pkg build --build-base /home/habiba/AP25_Stepper_RnD/build/stepper_pkg/build install --record /home/habiba/AP25_Stepper_RnD/build/stepper_pkg/install.log --single-version-externally-managed install_data
[0.840s] running egg_info
[0.840s] writing ../../build/stepper_pkg/stepper_pkg.egg-info/PKG-INFO
[0.840s] writing dependency_links to ../../build/stepper_pkg/stepper_pkg.egg-info/dependency_links.txt
[0.841s] writing entry points to ../../build/stepper_pkg/stepper_pkg.egg-info/entry_points.txt
[0.841s] writing requirements to ../../build/stepper_pkg/stepper_pkg.egg-info/requires.txt
[0.841s] writing top-level names to ../../build/stepper_pkg/stepper_pkg.egg-info/top_level.txt
[0.842s] reading manifest file '../../build/stepper_pkg/stepper_pkg.egg-info/SOURCES.txt'
[0.843s] writing manifest file '../../build/stepper_pkg/stepper_pkg.egg-info/SOURCES.txt'
[0.843s] running build
[0.843s] running build_py
[0.843s] running install
[0.844s] running install_lib
[0.845s] running install_data
[0.845s] running install_egg_info
[0.846s] removing '/home/habiba/AP25_Stepper_RnD/install/stepper_pkg/lib/python3.10/site-packages/stepper_pkg-0.0.0-py3.10.egg-info' (and everything under it)
[0.847s] Copying ../../build/stepper_pkg/stepper_pkg.egg-info to /home/habiba/AP25_Stepper_RnD/install/stepper_pkg/lib/python3.10/site-packages/stepper_pkg-0.0.0-py3.10.egg-info
[0.847s] running install_scripts
[0.866s] Installing stepper_command script to /home/habiba/AP25_Stepper_RnD/install/stepper_pkg/lib/stepper_pkg
[0.866s] writing list of installed files to '/home/habiba/AP25_Stepper_RnD/build/stepper_pkg/install.log'
[0.885s] Invoked command in '/home/habiba/AP25_Stepper_RnD/src/stepper_pkg' returned '0': PYTHONPATH=/home/habiba/AP25_Stepper_RnD/build/stepper_pkg/prefix_override:/usr/lib/python3/dist-packages/colcon_core/task/python/colcon_distutils_commands:/home/habiba/AP25_Stepper_RnD/install/stepper_pkg/lib/python3.10/site-packages:${PYTHONPATH} /usr/bin/python3 -W ignore:setup.py install is deprecated -W ignore:easy_install command is deprecated setup.py egg_info --egg-base ../../build/stepper_pkg build --build-base /home/habiba/AP25_Stepper_RnD/build/stepper_pkg/build install --record /home/habiba/AP25_Stepper_RnD/build/stepper_pkg/install.log --single-version-externally-managed install_data
