[6.225s] Invoking command in '/home/habibashaker/AP25_Stepper_RnD/src/stepper_pkg': PYTHONPATH=/home/habibashaker/AP25_Stepper_RnD/build/stepper_pkg/prefix_override:/usr/lib/python3/dist-packages/colcon_core/task/python/colcon_distutils_commands:/home/habibashaker/AP25_Stepper_RnD/install/stepper_pkg/lib/python3.10/site-packages:${PYTHONPATH} /usr/bin/python3 -W ignore:setup.py install is deprecated setup.py egg_info --egg-base ../../build/stepper_pkg build --build-base /home/habibashaker/AP25_Stepper_RnD/build/stepper_pkg/build install --record /home/habibashaker/AP25_Stepper_RnD/build/stepper_pkg/install.log --single-version-externally-managed install_data
[8.783s] running egg_info
[8.788s] writing ../../build/stepper_pkg/stepper_pkg.egg-info/PKG-INFO
[8.795s] writing dependency_links to ../../build/stepper_pkg/stepper_pkg.egg-info/dependency_links.txt
[8.795s] writing entry points to ../../build/stepper_pkg/stepper_pkg.egg-info/entry_points.txt
[8.803s] writing requirements to ../../build/stepper_pkg/stepper_pkg.egg-info/requires.txt
[8.803s] writing top-level names to ../../build/stepper_pkg/stepper_pkg.egg-info/top_level.txt
[8.823s] reading manifest file '../../build/stepper_pkg/stepper_pkg.egg-info/SOURCES.txt'
[8.831s] writing manifest file '../../build/stepper_pkg/stepper_pkg.egg-info/SOURCES.txt'
[8.843s] running build
[8.844s] running build_py
[8.848s] running install
[8.854s] running install_lib
[8.868s] running install_data
[8.875s] running install_egg_info
[8.892s] removing '/home/habibashaker/AP25_Stepper_RnD/install/stepper_pkg/lib/python3.10/site-packages/stepper_pkg-0.0.0-py3.10.egg-info' (and everything under it)
[8.899s] Copying ../../build/stepper_pkg/stepper_pkg.egg-info to /home/habibashaker/AP25_Stepper_RnD/install/stepper_pkg/lib/python3.10/site-packages/stepper_pkg-0.0.0-py3.10.egg-info
[8.923s] running install_scripts
[9.131s] Installing stepper_command script to /home/habibashaker/AP25_Stepper_RnD/install/stepper_pkg/lib/stepper_pkg
[9.136s] writing list of installed files to '/home/habibashaker/AP25_Stepper_RnD/build/stepper_pkg/install.log'
[9.326s] Invoked command in '/home/habibashaker/AP25_Stepper_RnD/src/stepper_pkg' returned '0': PYTHONPATH=/home/habibashaker/AP25_Stepper_RnD/build/stepper_pkg/prefix_override:/usr/lib/python3/dist-packages/colcon_core/task/python/colcon_distutils_commands:/home/habibashaker/AP25_Stepper_RnD/install/stepper_pkg/lib/python3.10/site-packages:${PYTHONPATH} /usr/bin/python3 -W ignore:setup.py install is deprecated setup.py egg_info --egg-base ../../build/stepper_pkg build --build-base /home/habibashaker/AP25_Stepper_RnD/build/stepper_pkg/build install --record /home/habibashaker/AP25_Stepper_RnD/build/stepper_pkg/install.log --single-version-externally-managed install_data
