[0.607s] DEBUG:colcon:Command line arguments: ['/usr/bin/colcon', 'build']
[0.607s] DEBUG:colcon:Parsed command line arguments: Namespace(log_base=None, log_level=None, verb_name='build', build_base='build', install_base='install', merge_install=False, symlink_install=False, test_result_base=None, continue_on_error=False, executor='parallel', parallel_workers=2, event_handlers=None, ignore_user_meta=False, metas=['./colcon.meta'], base_paths=['.'], packages_ignore=None, packages_ignore_regex=None, paths=None, packages_up_to=None, packages_up_to_regex=None, packages_above=None, packages_above_and_dependencies=None, packages_above_depth=None, packages_select_by_dep=None, packages_skip_by_dep=None, packages_skip_up_to=None, packages_select_build_failed=False, packages_skip_build_finished=False, packages_select_test_failures=False, packages_skip_test_passed=False, packages_select=None, packages_skip=None, packages_select_regex=None, packages_skip_regex=None, packages_start=None, packages_end=None, allow_overriding=[], cmake_args=None, cmake_target=None, cmake_target_skip_unavailable=False, cmake_clean_cache=False, cmake_clean_first=False, cmake_force_configure=False, ament_cmake_args=None, catkin_cmake_args=None, catkin_skip_building_tests=False, verb_parser=<colcon_defaults.argument_parser.defaults.DefaultArgumentsDecorator object at 0x704968b398d0>, verb_extension=<colcon_core.verb.build.BuildVerb object at 0x704968c42470>, main=<bound method BuildVerb.main of <colcon_core.verb.build.BuildVerb object at 0x704968c42470>>)
[1.641s] Level 1:colcon.colcon_core.package_discovery:discover_packages(colcon_meta) check parameters
[1.642s] Level 1:colcon.colcon_core.package_discovery:discover_packages(recursive) check parameters
[1.642s] Level 1:colcon.colcon_core.package_discovery:discover_packages(ignore) check parameters
[1.642s] Level 1:colcon.colcon_core.package_discovery:discover_packages(path) check parameters
[1.642s] Level 1:colcon.colcon_core.package_discovery:discover_packages(colcon_meta) discover
[1.642s] Level 1:colcon.colcon_core.package_discovery:discover_packages(recursive) discover
[1.643s] INFO:colcon.colcon_core.package_discovery:Crawling recursively for packages in '/home/habibashaker/AP25_Stepper_RnD'
[1.643s] Level 1:colcon.colcon_core.package_identification:_identify(.) by extensions ['ignore', 'ignore_ament_install']
[1.643s] Level 1:colcon.colcon_core.package_identification:_identify(.) by extension 'ignore'
[1.644s] Level 1:colcon.colcon_core.package_identification:_identify(.) by extension 'ignore_ament_install'
[1.644s] Level 1:colcon.colcon_core.package_identification:_identify(.) by extensions ['colcon_pkg']
[1.644s] Level 1:colcon.colcon_core.package_identification:_identify(.) by extension 'colcon_pkg'
[1.644s] Level 1:colcon.colcon_core.package_identification:_identify(.) by extensions ['colcon_meta']
[1.644s] Level 1:colcon.colcon_core.package_identification:_identify(.) by extension 'colcon_meta'
[1.644s] Level 1:colcon.colcon_core.package_identification:_identify(.) by extensions ['ros']
[1.645s] Level 1:colcon.colcon_core.package_identification:_identify(.) by extension 'ros'
[1.698s] Level 1:colcon.colcon_core.package_identification:_identify(.) by extensions ['cmake', 'python']
[1.698s] Level 1:colcon.colcon_core.package_identification:_identify(.) by extension 'cmake'
[1.698s] Level 1:colcon.colcon_core.package_identification:_identify(.) by extension 'python'
[1.698s] Level 1:colcon.colcon_core.package_identification:_identify(.) by extensions ['python_setup_py']
[1.698s] Level 1:colcon.colcon_core.package_identification:_identify(.) by extension 'python_setup_py'
[1.699s] Level 1:colcon.colcon_core.package_identification:_identify(Test) by extensions ['ignore', 'ignore_ament_install']
[1.700s] Level 1:colcon.colcon_core.package_identification:_identify(Test) by extension 'ignore'
[1.700s] Level 1:colcon.colcon_core.package_identification:_identify(Test) by extension 'ignore_ament_install'
[1.700s] Level 1:colcon.colcon_core.package_identification:_identify(Test) by extensions ['colcon_pkg']
[1.701s] Level 1:colcon.colcon_core.package_identification:_identify(Test) by extension 'colcon_pkg'
[1.701s] Level 1:colcon.colcon_core.package_identification:_identify(Test) by extensions ['colcon_meta']
[1.701s] Level 1:colcon.colcon_core.package_identification:_identify(Test) by extension 'colcon_meta'
[1.701s] Level 1:colcon.colcon_core.package_identification:_identify(Test) by extensions ['ros']
[1.701s] Level 1:colcon.colcon_core.package_identification:_identify(Test) by extension 'ros'
[1.702s] Level 1:colcon.colcon_core.package_identification:_identify(Test) by extensions ['cmake', 'python']
[1.702s] Level 1:colcon.colcon_core.package_identification:_identify(Test) by extension 'cmake'
[1.702s] Level 1:colcon.colcon_core.package_identification:_identify(Test) by extension 'python'
[1.702s] Level 1:colcon.colcon_core.package_identification:_identify(Test) by extensions ['python_setup_py']
[1.702s] Level 1:colcon.colcon_core.package_identification:_identify(Test) by extension 'python_setup_py'
[1.703s] Level 1:colcon.colcon_core.package_identification:_identify(build) by extensions ['ignore', 'ignore_ament_install']
[1.703s] Level 1:colcon.colcon_core.package_identification:_identify(build) by extension 'ignore'
[1.703s] Level 1:colcon.colcon_core.package_identification:_identify(build) ignored
[1.704s] Level 1:colcon.colcon_core.package_identification:_identify(install) by extensions ['ignore', 'ignore_ament_install']
[1.704s] Level 1:colcon.colcon_core.package_identification:_identify(install) by extension 'ignore'
[1.704s] Level 1:colcon.colcon_core.package_identification:_identify(install) ignored
[1.704s] Level 1:colcon.colcon_core.package_identification:_identify(log) by extensions ['ignore', 'ignore_ament_install']
[1.705s] Level 1:colcon.colcon_core.package_identification:_identify(log) by extension 'ignore'
[1.705s] Level 1:colcon.colcon_core.package_identification:_identify(log) ignored
[1.706s] Level 1:colcon.colcon_core.package_identification:_identify(src) by extensions ['ignore', 'ignore_ament_install']
[1.706s] Level 1:colcon.colcon_core.package_identification:_identify(src) by extension 'ignore'
[1.706s] Level 1:colcon.colcon_core.package_identification:_identify(src) by extension 'ignore_ament_install'
[1.707s] Level 1:colcon.colcon_core.package_identification:_identify(src) by extensions ['colcon_pkg']
[1.707s] Level 1:colcon.colcon_core.package_identification:_identify(src) by extension 'colcon_pkg'
[1.707s] Level 1:colcon.colcon_core.package_identification:_identify(src) by extensions ['colcon_meta']
[1.707s] Level 1:colcon.colcon_core.package_identification:_identify(src) by extension 'colcon_meta'
[1.707s] Level 1:colcon.colcon_core.package_identification:_identify(src) by extensions ['ros']
[1.707s] Level 1:colcon.colcon_core.package_identification:_identify(src) by extension 'ros'
[1.708s] Level 1:colcon.colcon_core.package_identification:_identify(src) by extensions ['cmake', 'python']
[1.708s] Level 1:colcon.colcon_core.package_identification:_identify(src) by extension 'cmake'
[1.708s] Level 1:colcon.colcon_core.package_identification:_identify(src) by extension 'python'
[1.708s] Level 1:colcon.colcon_core.package_identification:_identify(src) by extensions ['python_setup_py']
[1.708s] Level 1:colcon.colcon_core.package_identification:_identify(src) by extension 'python_setup_py'
[1.709s] Level 1:colcon.colcon_core.package_identification:_identify(src/stepper_pkg) by extensions ['ignore', 'ignore_ament_install']
[1.710s] Level 1:colcon.colcon_core.package_identification:_identify(src/stepper_pkg) by extension 'ignore'
[1.710s] Level 1:colcon.colcon_core.package_identification:_identify(src/stepper_pkg) by extension 'ignore_ament_install'
[1.710s] Level 1:colcon.colcon_core.package_identification:_identify(src/stepper_pkg) by extensions ['colcon_pkg']
[1.710s] Level 1:colcon.colcon_core.package_identification:_identify(src/stepper_pkg) by extension 'colcon_pkg'
[1.710s] Level 1:colcon.colcon_core.package_identification:_identify(src/stepper_pkg) by extensions ['colcon_meta']
[1.711s] Level 1:colcon.colcon_core.package_identification:_identify(src/stepper_pkg) by extension 'colcon_meta'
[1.711s] Level 1:colcon.colcon_core.package_identification:_identify(src/stepper_pkg) by extensions ['ros']
[1.711s] Level 1:colcon.colcon_core.package_identification:_identify(src/stepper_pkg) by extension 'ros'
[1.722s] DEBUG:colcon.colcon_core.package_identification:Package 'src/stepper_pkg' with type 'ros.ament_python' and name 'stepper_pkg'
[1.722s] Level 1:colcon.colcon_core.package_discovery:discover_packages(recursive) using defaults
[1.722s] Level 1:colcon.colcon_core.package_discovery:discover_packages(ignore) discover
[1.722s] Level 1:colcon.colcon_core.package_discovery:discover_packages(ignore) using defaults
[1.722s] Level 1:colcon.colcon_core.package_discovery:discover_packages(path) discover
[1.722s] Level 1:colcon.colcon_core.package_discovery:discover_packages(path) using defaults
[1.816s] Level 1:colcon.colcon_core.package_discovery:discover_packages(prefix_path) check parameters
[1.816s] Level 1:colcon.colcon_core.package_discovery:discover_packages(prefix_path) discover
[1.831s] DEBUG:colcon.colcon_installed_package_information.package_discovery:Found 8 installed packages in /home/habibashaker/install
[1.834s] DEBUG:colcon.colcon_installed_package_information.package_discovery:Found 5 installed packages in /home/habibashaker/ros2_ws/install
[1.842s] DEBUG:colcon.colcon_installed_package_information.package_discovery:Found 271 installed packages in /opt/ros/humble
[1.851s] Level 1:colcon.colcon_core.package_discovery:discover_packages(prefix_path) using defaults
[2.076s] Level 5:colcon.colcon_core.verb:set package 'stepper_pkg' build argument 'cmake_args' from command line to 'None'
[2.077s] Level 5:colcon.colcon_core.verb:set package 'stepper_pkg' build argument 'cmake_target' from command line to 'None'
[2.077s] Level 5:colcon.colcon_core.verb:set package 'stepper_pkg' build argument 'cmake_target_skip_unavailable' from command line to 'False'
[2.077s] Level 5:colcon.colcon_core.verb:set package 'stepper_pkg' build argument 'cmake_clean_cache' from command line to 'False'
[2.077s] Level 5:colcon.colcon_core.verb:set package 'stepper_pkg' build argument 'cmake_clean_first' from command line to 'False'
[2.077s] Level 5:colcon.colcon_core.verb:set package 'stepper_pkg' build argument 'cmake_force_configure' from command line to 'False'
[2.077s] Level 5:colcon.colcon_core.verb:set package 'stepper_pkg' build argument 'ament_cmake_args' from command line to 'None'
[2.077s] Level 5:colcon.colcon_core.verb:set package 'stepper_pkg' build argument 'catkin_cmake_args' from command line to 'None'
[2.077s] Level 5:colcon.colcon_core.verb:set package 'stepper_pkg' build argument 'catkin_skip_building_tests' from command line to 'False'
[2.077s] DEBUG:colcon.colcon_core.verb:Building package 'stepper_pkg' with the following arguments: {'ament_cmake_args': None, 'build_base': '/home/habibashaker/AP25_Stepper_RnD/build/stepper_pkg', 'catkin_cmake_args': None, 'catkin_skip_building_tests': False, 'cmake_args': None, 'cmake_clean_cache': False, 'cmake_clean_first': False, 'cmake_force_configure': False, 'cmake_target': None, 'cmake_target_skip_unavailable': False, 'install_base': '/home/habibashaker/AP25_Stepper_RnD/install/stepper_pkg', 'merge_install': False, 'path': '/home/habibashaker/AP25_Stepper_RnD/src/stepper_pkg', 'symlink_install': False, 'test_result_base': None}
[2.078s] INFO:colcon.colcon_core.executor:Executing jobs using 'parallel' executor
[2.081s] DEBUG:colcon.colcon_parallel_executor.executor.parallel:run_until_complete
[2.082s] INFO:colcon.colcon_ros.task.ament_python.build:Building ROS package in '/home/habibashaker/AP25_Stepper_RnD/src/stepper_pkg' with build type 'ament_python'
[2.083s] Level 1:colcon.colcon_core.shell:create_environment_hook('stepper_pkg', 'ament_prefix_path')
[2.104s] INFO:colcon.colcon_core.plugin_system:Skipping extension 'colcon_core.shell.bat': Not used on non-Windows systems
[2.105s] INFO:colcon.colcon_core.shell:Creating environment hook '/home/habibashaker/AP25_Stepper_RnD/install/stepper_pkg/share/stepper_pkg/hook/ament_prefix_path.ps1'
[2.109s] INFO:colcon.colcon_core.shell:Creating environment descriptor '/home/habibashaker/AP25_Stepper_RnD/install/stepper_pkg/share/stepper_pkg/hook/ament_prefix_path.dsv'
[2.112s] INFO:colcon.colcon_core.shell:Creating environment hook '/home/habibashaker/AP25_Stepper_RnD/install/stepper_pkg/share/stepper_pkg/hook/ament_prefix_path.sh'
[2.117s] INFO:colcon.colcon_core.shell:Skip shell extension 'powershell' for command environment: Not usable outside of PowerShell
[2.117s] DEBUG:colcon.colcon_core.shell:Skip shell extension 'dsv' for command environment
[3.283s] INFO:colcon.colcon_core.task.python.build:Building Python package in '/home/habibashaker/AP25_Stepper_RnD/src/stepper_pkg'
[3.284s] INFO:colcon.colcon_core.shell:Skip shell extension 'powershell' for command environment: Not usable outside of PowerShell
[3.284s] DEBUG:colcon.colcon_core.shell:Skip shell extension 'dsv' for command environment
[4.973s] DEBUG:colcon.colcon_core.event_handler.log_command:Invoking command in '/home/habibashaker/AP25_Stepper_RnD/src/stepper_pkg': PYTHONPATH=/home/habibashaker/AP25_Stepper_RnD/build/stepper_pkg/prefix_override:/usr/lib/python3/dist-packages/colcon_core/task/python/colcon_distutils_commands:/home/habibashaker/AP25_Stepper_RnD/install/stepper_pkg/lib/python3.10/site-packages:${PYTHONPATH} /usr/bin/python3 -W ignore:setup.py install is deprecated setup.py egg_info --egg-base ../../build/stepper_pkg build --build-base /home/habibashaker/AP25_Stepper_RnD/build/stepper_pkg/build install --record /home/habibashaker/AP25_Stepper_RnD/build/stepper_pkg/install.log --single-version-externally-managed install_data
[6.303s] DEBUG:colcon.colcon_core.event_handler.log_command:Invoked command in '/home/habibashaker/AP25_Stepper_RnD/src/stepper_pkg' returned '0': PYTHONPATH=/home/habibashaker/AP25_Stepper_RnD/build/stepper_pkg/prefix_override:/usr/lib/python3/dist-packages/colcon_core/task/python/colcon_distutils_commands:/home/habibashaker/AP25_Stepper_RnD/install/stepper_pkg/lib/python3.10/site-packages:${PYTHONPATH} /usr/bin/python3 -W ignore:setup.py install is deprecated setup.py egg_info --egg-base ../../build/stepper_pkg build --build-base /home/habibashaker/AP25_Stepper_RnD/build/stepper_pkg/build install --record /home/habibashaker/AP25_Stepper_RnD/build/stepper_pkg/install.log --single-version-externally-managed install_data
[6.346s] Level 1:colcon.colcon_core.environment:checking '/home/habibashaker/AP25_Stepper_RnD/install/stepper_pkg' for CMake module files
[6.352s] Level 1:colcon.colcon_core.environment:checking '/home/habibashaker/AP25_Stepper_RnD/install/stepper_pkg' for CMake config files
[6.361s] Level 1:colcon.colcon_core.environment:checking '/home/habibashaker/AP25_Stepper_RnD/install/stepper_pkg/lib'
[6.363s] Level 1:colcon.colcon_core.environment:checking '/home/habibashaker/AP25_Stepper_RnD/install/stepper_pkg/bin'
[6.363s] Level 1:colcon.colcon_core.environment:checking '/home/habibashaker/AP25_Stepper_RnD/install/stepper_pkg/lib/pkgconfig/stepper_pkg.pc'
[6.366s] Level 1:colcon.colcon_core.environment:checking '/home/habibashaker/AP25_Stepper_RnD/install/stepper_pkg/lib/python3.10/site-packages'
[6.367s] Level 1:colcon.colcon_core.shell:create_environment_hook('stepper_pkg', 'pythonpath')
[6.369s] INFO:colcon.colcon_core.shell:Creating environment hook '/home/habibashaker/AP25_Stepper_RnD/install/stepper_pkg/share/stepper_pkg/hook/pythonpath.ps1'
[6.373s] INFO:colcon.colcon_core.shell:Creating environment descriptor '/home/habibashaker/AP25_Stepper_RnD/install/stepper_pkg/share/stepper_pkg/hook/pythonpath.dsv'
[6.376s] INFO:colcon.colcon_core.shell:Creating environment hook '/home/habibashaker/AP25_Stepper_RnD/install/stepper_pkg/share/stepper_pkg/hook/pythonpath.sh'
[6.380s] Level 1:colcon.colcon_core.environment:checking '/home/habibashaker/AP25_Stepper_RnD/install/stepper_pkg/bin'
[6.381s] Level 1:colcon.colcon_core.environment:create_environment_scripts_only(stepper_pkg)
[6.383s] INFO:colcon.colcon_core.shell:Creating package script '/home/habibashaker/AP25_Stepper_RnD/install/stepper_pkg/share/stepper_pkg/package.ps1'
[6.390s] INFO:colcon.colcon_core.shell:Creating package descriptor '/home/habibashaker/AP25_Stepper_RnD/install/stepper_pkg/share/stepper_pkg/package.dsv'
[6.395s] INFO:colcon.colcon_core.shell:Creating package script '/home/habibashaker/AP25_Stepper_RnD/install/stepper_pkg/share/stepper_pkg/package.sh'
[6.402s] INFO:colcon.colcon_core.shell:Creating package script '/home/habibashaker/AP25_Stepper_RnD/install/stepper_pkg/share/stepper_pkg/package.bash'
[6.410s] INFO:colcon.colcon_core.shell:Creating package script '/home/habibashaker/AP25_Stepper_RnD/install/stepper_pkg/share/stepper_pkg/package.zsh'
[6.417s] Level 1:colcon.colcon_core.environment:create_file_with_runtime_dependencies(/home/habibashaker/AP25_Stepper_RnD/install/stepper_pkg/share/colcon-core/packages/stepper_pkg)
[6.419s] DEBUG:colcon.colcon_parallel_executor.executor.parallel:closing loop
[6.420s] DEBUG:colcon.colcon_parallel_executor.executor.parallel:loop closed
[6.420s] DEBUG:colcon.colcon_parallel_executor.executor.parallel:run_until_complete finished with '0'
[6.422s] DEBUG:colcon.colcon_core.event_reactor:joining thread
[6.466s] INFO:colcon.colcon_core.plugin_system:Skipping extension 'colcon_notification.desktop_notification.terminal_notifier': Not used on non-Darwin systems
[6.466s] INFO:colcon.colcon_core.plugin_system:Skipping extension 'colcon_notification.desktop_notification.win32': Not used on non-Windows systems
[6.467s] INFO:colcon.colcon_notification.desktop_notification:Sending desktop notification using 'notify2'
[6.568s] DEBUG:colcon.colcon_core.event_reactor:joined thread
[6.570s] INFO:colcon.colcon_core.shell:Creating prefix script '/home/habibashaker/AP25_Stepper_RnD/install/local_setup.ps1'
[6.574s] INFO:colcon.colcon_core.shell:Creating prefix util module '/home/habibashaker/AP25_Stepper_RnD/install/_local_setup_util_ps1.py'
[6.581s] INFO:colcon.colcon_core.shell:Creating prefix chain script '/home/habibashaker/AP25_Stepper_RnD/install/setup.ps1'
[6.589s] INFO:colcon.colcon_core.shell:Creating prefix script '/home/habibashaker/AP25_Stepper_RnD/install/local_setup.sh'
[6.593s] INFO:colcon.colcon_core.shell:Creating prefix util module '/home/habibashaker/AP25_Stepper_RnD/install/_local_setup_util_sh.py'
[6.595s] INFO:colcon.colcon_core.shell:Creating prefix chain script '/home/habibashaker/AP25_Stepper_RnD/install/setup.sh'
[6.603s] INFO:colcon.colcon_core.shell:Creating prefix script '/home/habibashaker/AP25_Stepper_RnD/install/local_setup.bash'
[6.606s] INFO:colcon.colcon_core.shell:Creating prefix chain script '/home/habibashaker/AP25_Stepper_RnD/install/setup.bash'
[6.614s] INFO:colcon.colcon_core.shell:Creating prefix script '/home/habibashaker/AP25_Stepper_RnD/install/local_setup.zsh'
[6.617s] INFO:colcon.colcon_core.shell:Creating prefix chain script '/home/habibashaker/AP25_Stepper_RnD/install/setup.zsh'
