[0.542s] DEBUG:colcon:Command line arguments: ['/usr/bin/colcon', 'build']
[0.542s] DEBUG:colcon:Parsed command line arguments: Namespace(log_base=None, log_level=None, verb_name='build', build_base='build', install_base='install', merge_install=False, symlink_install=False, test_result_base=None, continue_on_error=False, executor='parallel', parallel_workers=2, event_handlers=None, ignore_user_meta=False, metas=['./colcon.meta'], base_paths=['.'], packages_ignore=None, packages_ignore_regex=None, paths=None, packages_up_to=None, packages_up_to_regex=None, packages_above=None, packages_above_and_dependencies=None, packages_above_depth=None, packages_select_by_dep=None, packages_skip_by_dep=None, packages_skip_up_to=None, packages_select_build_failed=False, packages_skip_build_finished=False, packages_select_test_failures=False, packages_skip_test_passed=False, packages_select=None, packages_skip=None, packages_select_regex=None, packages_skip_regex=None, packages_start=None, packages_end=None, allow_overriding=[], cmake_args=None, cmake_target=None, cmake_target_skip_unavailable=False, cmake_clean_cache=False, cmake_clean_first=False, cmake_force_configure=False, ament_cmake_args=None, catkin_cmake_args=None, catkin_skip_building_tests=False, verb_parser=<colcon_defaults.argument_parser.defaults.DefaultArgumentsDecorator object at 0x7bbf33530b20>, verb_extension=<colcon_core.verb.build.BuildVerb object at 0x7bbf336396c0>, main=<bound method BuildVerb.main of <colcon_core.verb.build.BuildVerb object at 0x7bbf336396c0>>)
[1.540s] Level 1:colcon.colcon_core.package_discovery:discover_packages(colcon_meta) check parameters
[1.540s] Level 1:colcon.colcon_core.package_discovery:discover_packages(recursive) check parameters
[1.540s] Level 1:colcon.colcon_core.package_discovery:discover_packages(ignore) check parameters
[1.541s] Level 1:colcon.colcon_core.package_discovery:discover_packages(path) check parameters
[1.541s] Level 1:colcon.colcon_core.package_discovery:discover_packages(colcon_meta) discover
[1.541s] Level 1:colcon.colcon_core.package_discovery:discover_packages(recursive) discover
[1.541s] INFO:colcon.colcon_core.package_discovery:Crawling recursively for packages in '/home/habibashaker/AP25_Stepper_RnD'
[1.542s] Level 1:colcon.colcon_core.package_identification:_identify(.) by extensions ['ignore', 'ignore_ament_install']
[1.542s] Level 1:colcon.colcon_core.package_identification:_identify(.) by extension 'ignore'
[1.543s] Level 1:colcon.colcon_core.package_identification:_identify(.) by extension 'ignore_ament_install'
[1.544s] Level 1:colcon.colcon_core.package_identification:_identify(.) by extensions ['colcon_pkg']
[1.545s] Level 1:colcon.colcon_core.package_identification:_identify(.) by extension 'colcon_pkg'
[1.546s] Level 1:colcon.colcon_core.package_identification:_identify(.) by extensions ['colcon_meta']
[1.546s] Level 1:colcon.colcon_core.package_identification:_identify(.) by extension 'colcon_meta'
[1.547s] Level 1:colcon.colcon_core.package_identification:_identify(.) by extensions ['ros']
[1.547s] Level 1:colcon.colcon_core.package_identification:_identify(.) by extension 'ros'
[1.600s] Level 1:colcon.colcon_core.package_identification:_identify(.) by extensions ['cmake', 'python']
[1.601s] Level 1:colcon.colcon_core.package_identification:_identify(.) by extension 'cmake'
[1.601s] Level 1:colcon.colcon_core.package_identification:_identify(.) by extension 'python'
[1.601s] Level 1:colcon.colcon_core.package_identification:_identify(.) by extensions ['python_setup_py']
[1.601s] Level 1:colcon.colcon_core.package_identification:_identify(.) by extension 'python_setup_py'
[1.602s] Level 1:colcon.colcon_core.package_identification:_identify(Test) by extensions ['ignore', 'ignore_ament_install']
[1.603s] Level 1:colcon.colcon_core.package_identification:_identify(Test) by extension 'ignore'
[1.603s] Level 1:colcon.colcon_core.package_identification:_identify(Test) by extension 'ignore_ament_install'
[1.603s] Level 1:colcon.colcon_core.package_identification:_identify(Test) by extensions ['colcon_pkg']
[1.604s] Level 1:colcon.colcon_core.package_identification:_identify(Test) by extension 'colcon_pkg'
[1.604s] Level 1:colcon.colcon_core.package_identification:_identify(Test) by extensions ['colcon_meta']
[1.604s] Level 1:colcon.colcon_core.package_identification:_identify(Test) by extension 'colcon_meta'
[1.604s] Level 1:colcon.colcon_core.package_identification:_identify(Test) by extensions ['ros']
[1.605s] Level 1:colcon.colcon_core.package_identification:_identify(Test) by extension 'ros'
[1.605s] Level 1:colcon.colcon_core.package_identification:_identify(Test) by extensions ['cmake', 'python']
[1.605s] Level 1:colcon.colcon_core.package_identification:_identify(Test) by extension 'cmake'
[1.605s] Level 1:colcon.colcon_core.package_identification:_identify(Test) by extension 'python'
[1.606s] Level 1:colcon.colcon_core.package_identification:_identify(Test) by extensions ['python_setup_py']
[1.606s] Level 1:colcon.colcon_core.package_identification:_identify(Test) by extension 'python_setup_py'
[1.606s] Level 1:colcon.colcon_core.package_identification:_identify(arduinoSketches) by extensions ['ignore', 'ignore_ament_install']
[1.607s] Level 1:colcon.colcon_core.package_identification:_identify(arduinoSketches) by extension 'ignore'
[1.607s] Level 1:colcon.colcon_core.package_identification:_identify(arduinoSketches) by extension 'ignore_ament_install'
[1.607s] Level 1:colcon.colcon_core.package_identification:_identify(arduinoSketches) by extensions ['colcon_pkg']
[1.608s] Level 1:colcon.colcon_core.package_identification:_identify(arduinoSketches) by extension 'colcon_pkg'
[1.608s] Level 1:colcon.colcon_core.package_identification:_identify(arduinoSketches) by extensions ['colcon_meta']
[1.608s] Level 1:colcon.colcon_core.package_identification:_identify(arduinoSketches) by extension 'colcon_meta'
[1.608s] Level 1:colcon.colcon_core.package_identification:_identify(arduinoSketches) by extensions ['ros']
[1.608s] Level 1:colcon.colcon_core.package_identification:_identify(arduinoSketches) by extension 'ros'
[1.609s] Level 1:colcon.colcon_core.package_identification:_identify(arduinoSketches) by extensions ['cmake', 'python']
[1.609s] Level 1:colcon.colcon_core.package_identification:_identify(arduinoSketches) by extension 'cmake'
[1.609s] Level 1:colcon.colcon_core.package_identification:_identify(arduinoSketches) by extension 'python'
[1.609s] Level 1:colcon.colcon_core.package_identification:_identify(arduinoSketches) by extensions ['python_setup_py']
[1.609s] Level 1:colcon.colcon_core.package_identification:_identify(arduinoSketches) by extension 'python_setup_py'
[1.610s] Level 1:colcon.colcon_core.package_identification:_identify(arduinoSketches/aqua_stepper) by extensions ['ignore', 'ignore_ament_install']
[1.610s] Level 1:colcon.colcon_core.package_identification:_identify(arduinoSketches/aqua_stepper) by extension 'ignore'
[1.611s] Level 1:colcon.colcon_core.package_identification:_identify(arduinoSketches/aqua_stepper) by extension 'ignore_ament_install'
[1.611s] Level 1:colcon.colcon_core.package_identification:_identify(arduinoSketches/aqua_stepper) by extensions ['colcon_pkg']
[1.611s] Level 1:colcon.colcon_core.package_identification:_identify(arduinoSketches/aqua_stepper) by extension 'colcon_pkg'
[1.612s] Level 1:colcon.colcon_core.package_identification:_identify(arduinoSketches/aqua_stepper) by extensions ['colcon_meta']
[1.612s] Level 1:colcon.colcon_core.package_identification:_identify(arduinoSketches/aqua_stepper) by extension 'colcon_meta'
[1.612s] Level 1:colcon.colcon_core.package_identification:_identify(arduinoSketches/aqua_stepper) by extensions ['ros']
[1.612s] Level 1:colcon.colcon_core.package_identification:_identify(arduinoSketches/aqua_stepper) by extension 'ros'
[1.613s] Level 1:colcon.colcon_core.package_identification:_identify(arduinoSketches/aqua_stepper) by extensions ['cmake', 'python']
[1.613s] Level 1:colcon.colcon_core.package_identification:_identify(arduinoSketches/aqua_stepper) by extension 'cmake'
[1.613s] Level 1:colcon.colcon_core.package_identification:_identify(arduinoSketches/aqua_stepper) by extension 'python'
[1.613s] Level 1:colcon.colcon_core.package_identification:_identify(arduinoSketches/aqua_stepper) by extensions ['python_setup_py']
[1.614s] Level 1:colcon.colcon_core.package_identification:_identify(arduinoSketches/aqua_stepper) by extension 'python_setup_py'
[1.614s] Level 1:colcon.colcon_core.package_identification:_identify(build) by extensions ['ignore', 'ignore_ament_install']
[1.614s] Level 1:colcon.colcon_core.package_identification:_identify(build) by extension 'ignore'
[1.615s] Level 1:colcon.colcon_core.package_identification:_identify(build) ignored
[1.615s] Level 1:colcon.colcon_core.package_identification:_identify(install) by extensions ['ignore', 'ignore_ament_install']
[1.616s] Level 1:colcon.colcon_core.package_identification:_identify(install) by extension 'ignore'
[1.616s] Level 1:colcon.colcon_core.package_identification:_identify(install) ignored
[1.616s] Level 1:colcon.colcon_core.package_identification:_identify(log) by extensions ['ignore', 'ignore_ament_install']
[1.617s] Level 1:colcon.colcon_core.package_identification:_identify(log) by extension 'ignore'
[1.617s] Level 1:colcon.colcon_core.package_identification:_identify(log) ignored
[1.618s] Level 1:colcon.colcon_core.package_identification:_identify(src) by extensions ['ignore', 'ignore_ament_install']
[1.618s] Level 1:colcon.colcon_core.package_identification:_identify(src) by extension 'ignore'
[1.619s] Level 1:colcon.colcon_core.package_identification:_identify(src) by extension 'ignore_ament_install'
[1.619s] Level 1:colcon.colcon_core.package_identification:_identify(src) by extensions ['colcon_pkg']
[1.619s] Level 1:colcon.colcon_core.package_identification:_identify(src) by extension 'colcon_pkg'
[1.621s] Level 1:colcon.colcon_core.package_identification:_identify(src) by extensions ['colcon_meta']
[1.621s] Level 1:colcon.colcon_core.package_identification:_identify(src) by extension 'colcon_meta'
[1.622s] Level 1:colcon.colcon_core.package_identification:_identify(src) by extensions ['ros']
[1.622s] Level 1:colcon.colcon_core.package_identification:_identify(src) by extension 'ros'
[1.622s] Level 1:colcon.colcon_core.package_identification:_identify(src) by extensions ['cmake', 'python']
[1.623s] Level 1:colcon.colcon_core.package_identification:_identify(src) by extension 'cmake'
[1.623s] Level 1:colcon.colcon_core.package_identification:_identify(src) by extension 'python'
[1.624s] Level 1:colcon.colcon_core.package_identification:_identify(src) by extensions ['python_setup_py']
[1.624s] Level 1:colcon.colcon_core.package_identification:_identify(src) by extension 'python_setup_py'
[1.625s] Level 1:colcon.colcon_core.package_identification:_identify(src/stepper_pkg) by extensions ['ignore', 'ignore_ament_install']
[1.626s] Level 1:colcon.colcon_core.package_identification:_identify(src/stepper_pkg) by extension 'ignore'
[1.626s] Level 1:colcon.colcon_core.package_identification:_identify(src/stepper_pkg) by extension 'ignore_ament_install'
[1.626s] Level 1:colcon.colcon_core.package_identification:_identify(src/stepper_pkg) by extensions ['colcon_pkg']
[1.627s] Level 1:colcon.colcon_core.package_identification:_identify(src/stepper_pkg) by extension 'colcon_pkg'
[1.627s] Level 1:colcon.colcon_core.package_identification:_identify(src/stepper_pkg) by extensions ['colcon_meta']
[1.627s] Level 1:colcon.colcon_core.package_identification:_identify(src/stepper_pkg) by extension 'colcon_meta'
[1.628s] Level 1:colcon.colcon_core.package_identification:_identify(src/stepper_pkg) by extensions ['ros']
[1.628s] Level 1:colcon.colcon_core.package_identification:_identify(src/stepper_pkg) by extension 'ros'
[1.639s] DEBUG:colcon.colcon_core.package_identification:Package 'src/stepper_pkg' with type 'ros.ament_python' and name 'stepper_pkg'
[1.639s] Level 1:colcon.colcon_core.package_discovery:discover_packages(recursive) using defaults
[1.639s] Level 1:colcon.colcon_core.package_discovery:discover_packages(ignore) discover
[1.639s] Level 1:colcon.colcon_core.package_discovery:discover_packages(ignore) using defaults
[1.639s] Level 1:colcon.colcon_core.package_discovery:discover_packages(path) discover
[1.640s] Level 1:colcon.colcon_core.package_discovery:discover_packages(path) using defaults
[1.729s] Level 1:colcon.colcon_core.package_discovery:discover_packages(prefix_path) check parameters
[1.729s] Level 1:colcon.colcon_core.package_discovery:discover_packages(prefix_path) discover
[1.742s] DEBUG:colcon.colcon_installed_package_information.package_discovery:Found 5 installed packages in /home/habibashaker/ros2_ws/install
[1.751s] DEBUG:colcon.colcon_installed_package_information.package_discovery:Found 272 installed packages in /opt/ros/humble
[1.759s] Level 1:colcon.colcon_core.package_discovery:discover_packages(prefix_path) using defaults
[2.051s] Level 5:colcon.colcon_core.verb:set package 'stepper_pkg' build argument 'cmake_args' from command line to 'None'
[2.051s] Level 5:colcon.colcon_core.verb:set package 'stepper_pkg' build argument 'cmake_target' from command line to 'None'
[2.051s] Level 5:colcon.colcon_core.verb:set package 'stepper_pkg' build argument 'cmake_target_skip_unavailable' from command line to 'False'
[2.051s] Level 5:colcon.colcon_core.verb:set package 'stepper_pkg' build argument 'cmake_clean_cache' from command line to 'False'
[2.051s] Level 5:colcon.colcon_core.verb:set package 'stepper_pkg' build argument 'cmake_clean_first' from command line to 'False'
[2.051s] Level 5:colcon.colcon_core.verb:set package 'stepper_pkg' build argument 'cmake_force_configure' from command line to 'False'
[2.051s] Level 5:colcon.colcon_core.verb:set package 'stepper_pkg' build argument 'ament_cmake_args' from command line to 'None'
[2.052s] Level 5:colcon.colcon_core.verb:set package 'stepper_pkg' build argument 'catkin_cmake_args' from command line to 'None'
[2.052s] Level 5:colcon.colcon_core.verb:set package 'stepper_pkg' build argument 'catkin_skip_building_tests' from command line to 'False'
[2.052s] DEBUG:colcon.colcon_core.verb:Building package 'stepper_pkg' with the following arguments: {'ament_cmake_args': None, 'build_base': '/home/habibashaker/AP25_Stepper_RnD/build/stepper_pkg', 'catkin_cmake_args': None, 'catkin_skip_building_tests': False, 'cmake_args': None, 'cmake_clean_cache': False, 'cmake_clean_first': False, 'cmake_force_configure': False, 'cmake_target': None, 'cmake_target_skip_unavailable': False, 'install_base': '/home/habibashaker/AP25_Stepper_RnD/install/stepper_pkg', 'merge_install': False, 'path': '/home/habibashaker/AP25_Stepper_RnD/src/stepper_pkg', 'symlink_install': False, 'test_result_base': None}
[2.052s] INFO:colcon.colcon_core.executor:Executing jobs using 'parallel' executor
[2.056s] DEBUG:colcon.colcon_parallel_executor.executor.parallel:run_until_complete
[2.057s] INFO:colcon.colcon_ros.task.ament_python.build:Building ROS package in '/home/habibashaker/AP25_Stepper_RnD/src/stepper_pkg' with build type 'ament_python'
[2.058s] Level 1:colcon.colcon_core.shell:create_environment_hook('stepper_pkg', 'ament_prefix_path')
[2.070s] INFO:colcon.colcon_core.plugin_system:Skipping extension 'colcon_core.shell.bat': Not used on non-Windows systems
[2.072s] INFO:colcon.colcon_core.shell:Creating environment hook '/home/habibashaker/AP25_Stepper_RnD/install/stepper_pkg/share/stepper_pkg/hook/ament_prefix_path.ps1'
[2.077s] INFO:colcon.colcon_core.shell:Creating environment descriptor '/home/habibashaker/AP25_Stepper_RnD/install/stepper_pkg/share/stepper_pkg/hook/ament_prefix_path.dsv'
[2.080s] INFO:colcon.colcon_core.shell:Creating environment hook '/home/habibashaker/AP25_Stepper_RnD/install/stepper_pkg/share/stepper_pkg/hook/ament_prefix_path.sh'
[2.085s] INFO:colcon.colcon_core.shell:Skip shell extension 'powershell' for command environment: Not usable outside of PowerShell
[2.085s] DEBUG:colcon.colcon_core.shell:Skip shell extension 'dsv' for command environment
[3.267s] INFO:colcon.colcon_core.task.python.build:Building Python package in '/home/habibashaker/AP25_Stepper_RnD/src/stepper_pkg'
[3.269s] INFO:colcon.colcon_core.shell:Skip shell extension 'powershell' for command environment: Not usable outside of PowerShell
[3.270s] DEBUG:colcon.colcon_core.shell:Skip shell extension 'dsv' for command environment
[4.912s] DEBUG:colcon.colcon_core.event_handler.log_command:Invoking command in '/home/habibashaker/AP25_Stepper_RnD/src/stepper_pkg': PYTHONPATH=/home/habibashaker/AP25_Stepper_RnD/build/stepper_pkg/prefix_override:/usr/lib/python3/dist-packages/colcon_core/task/python/colcon_distutils_commands:/home/habibashaker/AP25_Stepper_RnD/install/stepper_pkg/lib/python3.10/site-packages:${PYTHONPATH} /usr/bin/python3 -W ignore:setup.py install is deprecated setup.py egg_info --egg-base ../../build/stepper_pkg build --build-base /home/habibashaker/AP25_Stepper_RnD/build/stepper_pkg/build install --record /home/habibashaker/AP25_Stepper_RnD/build/stepper_pkg/install.log --single-version-externally-managed install_data
[6.460s] DEBUG:colcon.colcon_core.event_handler.log_command:Invoked command in '/home/habibashaker/AP25_Stepper_RnD/src/stepper_pkg' returned '0': PYTHONPATH=/home/habibashaker/AP25_Stepper_RnD/build/stepper_pkg/prefix_override:/usr/lib/python3/dist-packages/colcon_core/task/python/colcon_distutils_commands:/home/habibashaker/AP25_Stepper_RnD/install/stepper_pkg/lib/python3.10/site-packages:${PYTHONPATH} /usr/bin/python3 -W ignore:setup.py install is deprecated setup.py egg_info --egg-base ../../build/stepper_pkg build --build-base /home/habibashaker/AP25_Stepper_RnD/build/stepper_pkg/build install --record /home/habibashaker/AP25_Stepper_RnD/build/stepper_pkg/install.log --single-version-externally-managed install_data
[6.474s] Level 1:colcon.colcon_core.environment:checking '/home/habibashaker/AP25_Stepper_RnD/install/stepper_pkg' for CMake module files
[6.476s] Level 1:colcon.colcon_core.environment:checking '/home/habibashaker/AP25_Stepper_RnD/install/stepper_pkg' for CMake config files
[6.480s] Level 1:colcon.colcon_core.environment:checking '/home/habibashaker/AP25_Stepper_RnD/install/stepper_pkg/lib'
[6.481s] Level 1:colcon.colcon_core.environment:checking '/home/habibashaker/AP25_Stepper_RnD/install/stepper_pkg/bin'
[6.482s] Level 1:colcon.colcon_core.environment:checking '/home/habibashaker/AP25_Stepper_RnD/install/stepper_pkg/lib/pkgconfig/stepper_pkg.pc'
[6.484s] Level 1:colcon.colcon_core.environment:checking '/home/habibashaker/AP25_Stepper_RnD/install/stepper_pkg/lib/python3.10/site-packages'
[6.485s] Level 1:colcon.colcon_core.shell:create_environment_hook('stepper_pkg', 'pythonpath')
[6.486s] INFO:colcon.colcon_core.shell:Creating environment hook '/home/habibashaker/AP25_Stepper_RnD/install/stepper_pkg/share/stepper_pkg/hook/pythonpath.ps1'
[6.489s] INFO:colcon.colcon_core.shell:Creating environment descriptor '/home/habibashaker/AP25_Stepper_RnD/install/stepper_pkg/share/stepper_pkg/hook/pythonpath.dsv'
[6.492s] INFO:colcon.colcon_core.shell:Creating environment hook '/home/habibashaker/AP25_Stepper_RnD/install/stepper_pkg/share/stepper_pkg/hook/pythonpath.sh'
[6.496s] Level 1:colcon.colcon_core.environment:checking '/home/habibashaker/AP25_Stepper_RnD/install/stepper_pkg/bin'
[6.497s] Level 1:colcon.colcon_core.environment:create_environment_scripts_only(stepper_pkg)
[6.500s] INFO:colcon.colcon_core.shell:Creating package script '/home/habibashaker/AP25_Stepper_RnD/install/stepper_pkg/share/stepper_pkg/package.ps1'
[6.507s] INFO:colcon.colcon_core.shell:Creating package descriptor '/home/habibashaker/AP25_Stepper_RnD/install/stepper_pkg/share/stepper_pkg/package.dsv'
[6.513s] INFO:colcon.colcon_core.shell:Creating package script '/home/habibashaker/AP25_Stepper_RnD/install/stepper_pkg/share/stepper_pkg/package.sh'
[6.520s] INFO:colcon.colcon_core.shell:Creating package script '/home/habibashaker/AP25_Stepper_RnD/install/stepper_pkg/share/stepper_pkg/package.bash'
[6.528s] INFO:colcon.colcon_core.shell:Creating package script '/home/habibashaker/AP25_Stepper_RnD/install/stepper_pkg/share/stepper_pkg/package.zsh'
[6.533s] Level 1:colcon.colcon_core.environment:create_file_with_runtime_dependencies(/home/habibashaker/AP25_Stepper_RnD/install/stepper_pkg/share/colcon-core/packages/stepper_pkg)
[6.537s] DEBUG:colcon.colcon_parallel_executor.executor.parallel:closing loop
[6.540s] DEBUG:colcon.colcon_parallel_executor.executor.parallel:loop closed
[6.542s] DEBUG:colcon.colcon_parallel_executor.executor.parallel:run_until_complete finished with '0'
[6.543s] DEBUG:colcon.colcon_core.event_reactor:joining thread
[6.607s] INFO:colcon.colcon_core.plugin_system:Skipping extension 'colcon_notification.desktop_notification.terminal_notifier': Not used on non-Darwin systems
[6.607s] INFO:colcon.colcon_core.plugin_system:Skipping extension 'colcon_notification.desktop_notification.win32': Not used on non-Windows systems
[6.608s] INFO:colcon.colcon_notification.desktop_notification:Sending desktop notification using 'notify2'
[6.767s] DEBUG:colcon.colcon_core.event_reactor:joined thread
[6.768s] INFO:colcon.colcon_core.shell:Creating prefix script '/home/habibashaker/AP25_Stepper_RnD/install/local_setup.ps1'
[6.773s] INFO:colcon.colcon_core.shell:Creating prefix util module '/home/habibashaker/AP25_Stepper_RnD/install/_local_setup_util_ps1.py'
[6.790s] INFO:colcon.colcon_core.shell:Creating prefix chain script '/home/habibashaker/AP25_Stepper_RnD/install/setup.ps1'
[6.802s] INFO:colcon.colcon_core.shell:Creating prefix script '/home/habibashaker/AP25_Stepper_RnD/install/local_setup.sh'
[6.812s] INFO:colcon.colcon_core.shell:Creating prefix util module '/home/habibashaker/AP25_Stepper_RnD/install/_local_setup_util_sh.py'
[6.819s] INFO:colcon.colcon_core.shell:Creating prefix chain script '/home/habibashaker/AP25_Stepper_RnD/install/setup.sh'
[6.831s] INFO:colcon.colcon_core.shell:Creating prefix script '/home/habibashaker/AP25_Stepper_RnD/install/local_setup.bash'
[6.835s] INFO:colcon.colcon_core.shell:Creating prefix chain script '/home/habibashaker/AP25_Stepper_RnD/install/setup.bash'
[6.849s] INFO:colcon.colcon_core.shell:Creating prefix script '/home/habibashaker/AP25_Stepper_RnD/install/local_setup.zsh'
[6.854s] INFO:colcon.colcon_core.shell:Creating prefix chain script '/home/habibashaker/AP25_Stepper_RnD/install/setup.zsh'
