[2.907s] Invoking command in '/home/habibashaker/AP25_Stepper_RnD/src/stepper_pkg': PYTHONPATH=/home/habibashaker/AP25_Stepper_RnD/build/stepper_pkg/prefix_override:/usr/lib/python3/dist-packages/colcon_core/task/python/colcon_distutils_commands:/home/habibashaker/AP25_Stepper_RnD/install/stepper_pkg/lib/python3.10/site-packages:${PYTHONPATH} /usr/bin/python3 -W ignore:setup.py install is deprecated setup.py egg_info --egg-base ../../build/stepper_pkg build --build-base /home/habibashaker/AP25_Stepper_RnD/build/stepper_pkg/build install --record /home/habibashaker/AP25_Stepper_RnD/build/stepper_pkg/install.log --single-version-externally-managed install_data
[4.019s] running egg_info
[4.022s] writing ../../build/stepper_pkg/stepper_pkg.egg-info/PKG-INFO
[4.023s] writing dependency_links to ../../build/stepper_pkg/stepper_pkg.egg-info/dependency_links.txt
[4.024s] writing entry points to ../../build/stepper_pkg/stepper_pkg.egg-info/entry_points.txt
[4.024s] writing requirements to ../../build/stepper_pkg/stepper_pkg.egg-info/requires.txt
[4.025s] writing top-level names to ../../build/stepper_pkg/stepper_pkg.egg-info/top_level.txt
[4.031s] reading manifest file '../../build/stepper_pkg/stepper_pkg.egg-info/SOURCES.txt'
[4.035s] writing manifest file '../../build/stepper_pkg/stepper_pkg.egg-info/SOURCES.txt'
[4.036s] running build
[4.036s] running build_py
[4.037s] running install
[4.038s] running install_lib
[4.043s] running install_data
[4.044s] running install_egg_info
[4.050s] removing '/home/habibashaker/AP25_Stepper_RnD/install/stepper_pkg/lib/python3.10/site-packages/stepper_pkg-0.0.0-py3.10.egg-info' (and everything under it)
[4.051s] Copying ../../build/stepper_pkg/stepper_pkg.egg-info to /home/habibashaker/AP25_Stepper_RnD/install/stepper_pkg/lib/python3.10/site-packages/stepper_pkg-0.0.0-py3.10.egg-info
[4.055s] running install_scripts
[4.139s] Installing stepper_command script to /home/habibashaker/AP25_Stepper_RnD/install/stepper_pkg/lib/stepper_pkg
[4.140s] writing list of installed files to '/home/habibashaker/AP25_Stepper_RnD/build/stepper_pkg/install.log'
[4.232s] Invoked command in '/home/habibashaker/AP25_Stepper_RnD/src/stepper_pkg' returned '0': PYTHONPATH=/home/habibashaker/AP25_Stepper_RnD/build/stepper_pkg/prefix_override:/usr/lib/python3/dist-packages/colcon_core/task/python/colcon_distutils_commands:/home/habibashaker/AP25_Stepper_RnD/install/stepper_pkg/lib/python3.10/site-packages:${PYTHONPATH} /usr/bin/python3 -W ignore:setup.py install is deprecated setup.py egg_info --egg-base ../../build/stepper_pkg build --build-base /home/habibashaker/AP25_Stepper_RnD/build/stepper_pkg/build install --record /home/habibashaker/AP25_Stepper_RnD/build/stepper_pkg/install.log --single-version-externally-managed install_data
