[0.435s] DEBUG:colcon:Command line arguments: ['/usr/bin/colcon', 'build']
[0.435s] DEBUG:colcon:Parsed command line arguments: Namespace(log_base=None, log_level=None, verb_name='build', build_base='build', install_base='install', merge_install=False, symlink_install=False, test_result_base=None, continue_on_error=False, executor='parallel', parallel_workers=2, event_handlers=None, ignore_user_meta=False, metas=['./colcon.meta'], base_paths=['.'], packages_ignore=None, packages_ignore_regex=None, paths=None, packages_up_to=None, packages_up_to_regex=None, packages_above=None, packages_above_and_dependencies=None, packages_above_depth=None, packages_select_by_dep=None, packages_skip_by_dep=None, packages_skip_up_to=None, packages_select_build_failed=False, packages_skip_build_finished=False, packages_select_test_failures=False, packages_skip_test_passed=False, packages_select=None, packages_skip=None, packages_select_regex=None, packages_skip_regex=None, packages_start=None, packages_end=None, allow_overriding=[], cmake_args=None, cmake_target=None, cmake_target_skip_unavailable=False, cmake_clean_cache=False, cmake_clean_first=False, cmake_force_configure=False, ament_cmake_args=None, catkin_cmake_args=None, catkin_skip_building_tests=False, verb_parser=<colcon_defaults.argument_parser.defaults.DefaultArgumentsDecorator object at 0x7a20b81b0190>, verb_extension=<colcon_core.verb.build.BuildVerb object at 0x7a20b8334d30>, main=<bound method BuildVerb.main of <colcon_core.verb.build.BuildVerb object at 0x7a20b8334d30>>)
[1.148s] Level 1:colcon.colcon_core.package_discovery:discover_packages(colcon_meta) check parameters
[1.149s] Level 1:colcon.colcon_core.package_discovery:discover_packages(recursive) check parameters
[1.149s] Level 1:colcon.colcon_core.package_discovery:discover_packages(ignore) check parameters
[1.149s] Level 1:colcon.colcon_core.package_discovery:discover_packages(path) check parameters
[1.149s] Level 1:colcon.colcon_core.package_discovery:discover_packages(colcon_meta) discover
[1.149s] Level 1:colcon.colcon_core.package_discovery:discover_packages(recursive) discover
[1.149s] INFO:colcon.colcon_core.package_discovery:Crawling recursively for packages in '/home/habibashaker/AP25_Stepper_RnD'
[1.150s] Level 1:colcon.colcon_core.package_identification:_identify(.) by extensions ['ignore', 'ignore_ament_install']
[1.150s] Level 1:colcon.colcon_core.package_identification:_identify(.) by extension 'ignore'
[1.151s] Level 1:colcon.colcon_core.package_identification:_identify(.) by extension 'ignore_ament_install'
[1.151s] Level 1:colcon.colcon_core.package_identification:_identify(.) by extensions ['colcon_pkg']
[1.151s] Level 1:colcon.colcon_core.package_identification:_identify(.) by extension 'colcon_pkg'
[1.151s] Level 1:colcon.colcon_core.package_identification:_identify(.) by extensions ['colcon_meta']
[1.151s] Level 1:colcon.colcon_core.package_identification:_identify(.) by extension 'colcon_meta'
[1.151s] Level 1:colcon.colcon_core.package_identification:_identify(.) by extensions ['ros']
[1.152s] Level 1:colcon.colcon_core.package_identification:_identify(.) by extension 'ros'
[1.201s] Level 1:colcon.colcon_core.package_identification:_identify(.) by extensions ['cmake', 'python']
[1.201s] Level 1:colcon.colcon_core.package_identification:_identify(.) by extension 'cmake'
[1.201s] Level 1:colcon.colcon_core.package_identification:_identify(.) by extension 'python'
[1.201s] Level 1:colcon.colcon_core.package_identification:_identify(.) by extensions ['python_setup_py']
[1.201s] Level 1:colcon.colcon_core.package_identification:_identify(.) by extension 'python_setup_py'
[1.202s] Level 1:colcon.colcon_core.package_identification:_identify(Test) by extensions ['ignore', 'ignore_ament_install']
[1.202s] Level 1:colcon.colcon_core.package_identification:_identify(Test) by extension 'ignore'
[1.202s] Level 1:colcon.colcon_core.package_identification:_identify(Test) by extension 'ignore_ament_install'
[1.203s] Level 1:colcon.colcon_core.package_identification:_identify(Test) by extensions ['colcon_pkg']
[1.203s] Level 1:colcon.colcon_core.package_identification:_identify(Test) by extension 'colcon_pkg'
[1.203s] Level 1:colcon.colcon_core.package_identification:_identify(Test) by extensions ['colcon_meta']
[1.203s] Level 1:colcon.colcon_core.package_identification:_identify(Test) by extension 'colcon_meta'
[1.203s] Level 1:colcon.colcon_core.package_identification:_identify(Test) by extensions ['ros']
[1.203s] Level 1:colcon.colcon_core.package_identification:_identify(Test) by extension 'ros'
[1.204s] Level 1:colcon.colcon_core.package_identification:_identify(Test) by extensions ['cmake', 'python']
[1.204s] Level 1:colcon.colcon_core.package_identification:_identify(Test) by extension 'cmake'
[1.204s] Level 1:colcon.colcon_core.package_identification:_identify(Test) by extension 'python'
[1.204s] Level 1:colcon.colcon_core.package_identification:_identify(Test) by extensions ['python_setup_py']
[1.204s] Level 1:colcon.colcon_core.package_identification:_identify(Test) by extension 'python_setup_py'
[1.205s] Level 1:colcon.colcon_core.package_identification:_identify(build) by extensions ['ignore', 'ignore_ament_install']
[1.205s] Level 1:colcon.colcon_core.package_identification:_identify(build) by extension 'ignore'
[1.205s] Level 1:colcon.colcon_core.package_identification:_identify(build) ignored
[1.206s] Level 1:colcon.colcon_core.package_identification:_identify(install) by extensions ['ignore', 'ignore_ament_install']
[1.206s] Level 1:colcon.colcon_core.package_identification:_identify(install) by extension 'ignore'
[1.206s] Level 1:colcon.colcon_core.package_identification:_identify(install) ignored
[1.206s] Level 1:colcon.colcon_core.package_identification:_identify(log) by extensions ['ignore', 'ignore_ament_install']
[1.207s] Level 1:colcon.colcon_core.package_identification:_identify(log) by extension 'ignore'
[1.207s] Level 1:colcon.colcon_core.package_identification:_identify(log) ignored
[1.207s] Level 1:colcon.colcon_core.package_discovery:discover_packages(recursive) using defaults
[1.207s] Level 1:colcon.colcon_core.package_discovery:discover_packages(ignore) discover
[1.207s] Level 1:colcon.colcon_core.package_discovery:discover_packages(ignore) using defaults
[1.207s] Level 1:colcon.colcon_core.package_discovery:discover_packages(path) discover
[1.208s] Level 1:colcon.colcon_core.package_discovery:discover_packages(path) using defaults
[1.280s] Level 1:colcon.colcon_core.package_discovery:discover_packages(prefix_path) check parameters
[1.280s] Level 1:colcon.colcon_core.package_discovery:discover_packages(prefix_path) discover
[1.289s] DEBUG:colcon.colcon_installed_package_information.package_discovery:Found 5 installed packages in /home/habibashaker/ros2_ws/install
[1.296s] DEBUG:colcon.colcon_installed_package_information.package_discovery:Found 270 installed packages in /opt/ros/humble
[1.304s] Level 1:colcon.colcon_core.package_discovery:discover_packages(prefix_path) using defaults
[1.513s] INFO:colcon.colcon_core.executor:Executing jobs using 'parallel' executor
[1.517s] DEBUG:colcon.colcon_parallel_executor.executor.parallel:run_until_complete
[1.518s] DEBUG:colcon.colcon_parallel_executor.executor.parallel:closing loop
[1.518s] DEBUG:colcon.colcon_parallel_executor.executor.parallel:loop closed
[1.518s] DEBUG:colcon.colcon_parallel_executor.executor.parallel:run_until_complete finished with '0'
[1.518s] DEBUG:colcon.colcon_core.event_reactor:joining thread
[1.540s] INFO:colcon.colcon_core.plugin_system:Skipping extension 'colcon_notification.desktop_notification.terminal_notifier': Not used on non-Darwin systems
[1.540s] INFO:colcon.colcon_core.plugin_system:Skipping extension 'colcon_notification.desktop_notification.win32': Not used on non-Windows systems
[1.540s] INFO:colcon.colcon_notification.desktop_notification:Sending desktop notification using 'notify2'
[1.592s] DEBUG:colcon.colcon_core.event_reactor:joined thread
[1.603s] INFO:colcon.colcon_core.plugin_system:Skipping extension 'colcon_core.shell.bat': Not used on non-Windows systems
[1.604s] INFO:colcon.colcon_core.shell:Creating prefix script '/home/habibashaker/AP25_Stepper_RnD/install/local_setup.ps1'
[1.608s] INFO:colcon.colcon_core.shell:Creating prefix util module '/home/habibashaker/AP25_Stepper_RnD/install/_local_setup_util_ps1.py'
[1.614s] INFO:colcon.colcon_core.shell:Creating prefix chain script '/home/habibashaker/AP25_Stepper_RnD/install/setup.ps1'
[1.620s] INFO:colcon.colcon_core.shell:Creating prefix script '/home/habibashaker/AP25_Stepper_RnD/install/local_setup.sh'
[1.622s] INFO:colcon.colcon_core.shell:Creating prefix util module '/home/habibashaker/AP25_Stepper_RnD/install/_local_setup_util_sh.py'
[1.624s] INFO:colcon.colcon_core.shell:Creating prefix chain script '/home/habibashaker/AP25_Stepper_RnD/install/setup.sh'
[1.629s] INFO:colcon.colcon_core.shell:Creating prefix script '/home/habibashaker/AP25_Stepper_RnD/install/local_setup.bash'
[1.631s] INFO:colcon.colcon_core.shell:Creating prefix chain script '/home/habibashaker/AP25_Stepper_RnD/install/setup.bash'
[1.637s] INFO:colcon.colcon_core.shell:Creating prefix script '/home/habibashaker/AP25_Stepper_RnD/install/local_setup.zsh'
[1.640s] INFO:colcon.colcon_core.shell:Creating prefix chain script '/home/habibashaker/AP25_Stepper_RnD/install/setup.zsh'
