[2.378s] Invoking command in '/home/habiba/AP25_Stepper_RnD/src/stepper_pkg': PYTHONPATH=/home/habiba/AP25_Stepper_RnD/build/stepper_pkg/prefix_override:/usr/lib/python3/dist-packages/colcon_core/task/python/colcon_distutils_commands:/home/habiba/AP25_Stepper_RnD/install/stepper_pkg/lib/python3.10/site-packages:${PYTHONPATH} /usr/bin/python3 -W ignore:setup.py install is deprecated -W ignore:easy_install command is deprecated setup.py egg_info --egg-base ../../build/stepper_pkg build --build-base /home/habiba/AP25_Stepper_RnD/build/stepper_pkg/build install --record /home/habiba/AP25_Stepper_RnD/build/stepper_pkg/install.log --single-version-externally-managed install_data
[3.418s] running egg_info
[3.420s] writing ../../build/stepper_pkg/stepper_pkg.egg-info/PKG-INFO
[3.423s] writing dependency_links to ../../build/stepper_pkg/stepper_pkg.egg-info/dependency_links.txt
[3.423s] writing entry points to ../../build/stepper_pkg/stepper_pkg.egg-info/entry_points.txt
[3.424s] writing requirements to ../../build/stepper_pkg/stepper_pkg.egg-info/requires.txt
[3.424s] writing top-level names to ../../build/stepper_pkg/stepper_pkg.egg-info/top_level.txt
[3.431s] reading manifest file '../../build/stepper_pkg/stepper_pkg.egg-info/SOURCES.txt'
[3.435s] writing manifest file '../../build/stepper_pkg/stepper_pkg.egg-info/SOURCES.txt'
[3.435s] running build
[3.436s] running build_py
[3.437s] running install
[3.439s] running install_lib
[3.444s] running install_data
[3.445s] running install_egg_info
[3.451s] removing '/home/habiba/AP25_Stepper_RnD/install/stepper_pkg/lib/python3.10/site-packages/stepper_pkg-0.0.0-py3.10.egg-info' (and everything under it)
[3.452s] Copying ../../build/stepper_pkg/stepper_pkg.egg-info to /home/habiba/AP25_Stepper_RnD/install/stepper_pkg/lib/python3.10/site-packages/stepper_pkg-0.0.0-py3.10.egg-info
[3.456s] running install_scripts
[3.532s] Installing stepper_command script to /home/habiba/AP25_Stepper_RnD/install/stepper_pkg/lib/stepper_pkg
[3.534s] writing list of installed files to '/home/habiba/AP25_Stepper_RnD/build/stepper_pkg/install.log'
[3.600s] Invoked command in '/home/habiba/AP25_Stepper_RnD/src/stepper_pkg' returned '0': PYTHONPATH=/home/habiba/AP25_Stepper_RnD/build/stepper_pkg/prefix_override:/usr/lib/python3/dist-packages/colcon_core/task/python/colcon_distutils_commands:/home/habiba/AP25_Stepper_RnD/install/stepper_pkg/lib/python3.10/site-packages:${PYTHONPATH} /usr/bin/python3 -W ignore:setup.py install is deprecated -W ignore:easy_install command is deprecated setup.py egg_info --egg-base ../../build/stepper_pkg build --build-base /home/habiba/AP25_Stepper_RnD/build/stepper_pkg/build install --record /home/habiba/AP25_Stepper_RnD/build/stepper_pkg/install.log --single-version-externally-managed install_data
