[2.886s] Invoking command in '/home/habibashaker/AP25_Stepper_RnD/src/stepper_pkg': PYTHONPATH=/home/habibashaker/AP25_Stepper_RnD/build/stepper_pkg/prefix_override:/usr/lib/python3/dist-packages/colcon_core/task/python/colcon_distutils_commands:/home/habibashaker/AP25_Stepper_RnD/install/stepper_pkg/lib/python3.10/site-packages:${PYTHONPATH} /usr/bin/python3 -W ignore:setup.py install is deprecated setup.py egg_info --egg-base ../../build/stepper_pkg build --build-base /home/habibashaker/AP25_Stepper_RnD/build/stepper_pkg/build install --record /home/habibashaker/AP25_Stepper_RnD/build/stepper_pkg/install.log --single-version-externally-managed install_data
[4.012s] running egg_info
[4.019s] writing ../../build/stepper_pkg/stepper_pkg.egg-info/PKG-INFO
[4.020s] writing dependency_links to ../../build/stepper_pkg/stepper_pkg.egg-info/dependency_links.txt
[4.022s] writing entry points to ../../build/stepper_pkg/stepper_pkg.egg-info/entry_points.txt
[4.024s] writing requirements to ../../build/stepper_pkg/stepper_pkg.egg-info/requires.txt
[4.026s] writing top-level names to ../../build/stepper_pkg/stepper_pkg.egg-info/top_level.txt
[4.028s] reading manifest file '../../build/stepper_pkg/stepper_pkg.egg-info/SOURCES.txt'
[4.032s] writing manifest file '../../build/stepper_pkg/stepper_pkg.egg-info/SOURCES.txt'
[4.035s] running build
[4.036s] running build_py
[4.036s] copying stepper_pkg/stepper_command.py -> /home/habibashaker/AP25_Stepper_RnD/build/stepper_pkg/build/lib/stepper_pkg
[4.040s] running install
[4.041s] running install_lib
[4.044s] copying /home/habibashaker/AP25_Stepper_RnD/build/stepper_pkg/build/lib/stepper_pkg/stepper_command.py -> /home/habibashaker/AP25_Stepper_RnD/install/stepper_pkg/lib/python3.10/site-packages/stepper_pkg
[4.045s] byte-compiling /home/habibashaker/AP25_Stepper_RnD/install/stepper_pkg/lib/python3.10/site-packages/stepper_pkg/stepper_command.py to stepper_command.cpython-310.pyc
[4.049s] running install_data
[4.050s] running install_egg_info
[4.064s] removing '/home/habibashaker/AP25_Stepper_RnD/install/stepper_pkg/lib/python3.10/site-packages/stepper_pkg-0.0.0-py3.10.egg-info' (and everything under it)
[4.068s] Copying ../../build/stepper_pkg/stepper_pkg.egg-info to /home/habibashaker/AP25_Stepper_RnD/install/stepper_pkg/lib/python3.10/site-packages/stepper_pkg-0.0.0-py3.10.egg-info
[4.082s] running install_scripts
[4.178s] Installing stepper_command script to /home/habibashaker/AP25_Stepper_RnD/install/stepper_pkg/lib/stepper_pkg
[4.182s] writing list of installed files to '/home/habibashaker/AP25_Stepper_RnD/build/stepper_pkg/install.log'
[4.273s] Invoked command in '/home/habibashaker/AP25_Stepper_RnD/src/stepper_pkg' returned '0': PYTHONPATH=/home/habibashaker/AP25_Stepper_RnD/build/stepper_pkg/prefix_override:/usr/lib/python3/dist-packages/colcon_core/task/python/colcon_distutils_commands:/home/habibashaker/AP25_Stepper_RnD/install/stepper_pkg/lib/python3.10/site-packages:${PYTHONPATH} /usr/bin/python3 -W ignore:setup.py install is deprecated setup.py egg_info --egg-base ../../build/stepper_pkg build --build-base /home/habibashaker/AP25_Stepper_RnD/build/stepper_pkg/build install --record /home/habibashaker/AP25_Stepper_RnD/build/stepper_pkg/install.log --single-version-externally-managed install_data
