[0.586s] Invoking command in '/home/habiba/AP25_Stepper_RnD/src/stepper_pkg': PYTHONPATH=/home/habiba/AP25_Stepper_RnD/build/stepper_pkg/prefix_override:/usr/lib/python3/dist-packages/colcon_core/task/python/colcon_distutils_commands:/home/habiba/AP25_Stepper_RnD/install/stepper_pkg/lib/python3.10/site-packages:${PYTHONPATH} /usr/bin/python3 -W ignore:setup.py install is deprecated -W ignore:easy_install command is deprecated setup.py egg_info --egg-base ../../build/stepper_pkg build --build-base /home/habiba/AP25_Stepper_RnD/build/stepper_pkg/build install --record /home/habiba/AP25_Stepper_RnD/build/stepper_pkg/install.log --single-version-externally-managed install_data
[0.817s] running egg_info
[0.818s] writing ../../build/stepper_pkg/stepper_pkg.egg-info/PKG-INFO
[0.818s] writing dependency_links to ../../build/stepper_pkg/stepper_pkg.egg-info/dependency_links.txt
[0.818s] writing entry points to ../../build/stepper_pkg/stepper_pkg.egg-info/entry_points.txt
[0.818s] writing requirements to ../../build/stepper_pkg/stepper_pkg.egg-info/requires.txt
[0.818s] writing top-level names to ../../build/stepper_pkg/stepper_pkg.egg-info/top_level.txt
[0.820s] reading manifest file '../../build/stepper_pkg/stepper_pkg.egg-info/SOURCES.txt'
[0.821s] writing manifest file '../../build/stepper_pkg/stepper_pkg.egg-info/SOURCES.txt'
[0.821s] running build
[0.821s] running build_py
[0.821s] copying stepper_pkg/stepper_command.py -> /home/habiba/AP25_Stepper_RnD/build/stepper_pkg/build/lib/stepper_pkg
[0.822s] running install
[0.822s] running install_lib
[0.822s] copying /home/habiba/AP25_Stepper_RnD/build/stepper_pkg/build/lib/stepper_pkg/stepper_command.py -> /home/habiba/AP25_Stepper_RnD/install/stepper_pkg/lib/python3.10/site-packages/stepper_pkg
[0.823s] byte-compiling /home/habiba/AP25_Stepper_RnD/install/stepper_pkg/lib/python3.10/site-packages/stepper_pkg/stepper_command.py to stepper_command.cpython-310.pyc
[0.823s] running install_data
[0.823s] running install_egg_info
[0.825s] removing '/home/habiba/AP25_Stepper_RnD/install/stepper_pkg/lib/python3.10/site-packages/stepper_pkg-0.0.0-py3.10.egg-info' (and everything under it)
[0.825s] Copying ../../build/stepper_pkg/stepper_pkg.egg-info to /home/habiba/AP25_Stepper_RnD/install/stepper_pkg/lib/python3.10/site-packages/stepper_pkg-0.0.0-py3.10.egg-info
[0.826s] running install_scripts
[0.845s] Installing stepper_command script to /home/habiba/AP25_Stepper_RnD/install/stepper_pkg/lib/stepper_pkg
[0.845s] writing list of installed files to '/home/habiba/AP25_Stepper_RnD/build/stepper_pkg/install.log'
[0.863s] Invoked command in '/home/habiba/AP25_Stepper_RnD/src/stepper_pkg' returned '0': PYTHONPATH=/home/habiba/AP25_Stepper_RnD/build/stepper_pkg/prefix_override:/usr/lib/python3/dist-packages/colcon_core/task/python/colcon_distutils_commands:/home/habiba/AP25_Stepper_RnD/install/stepper_pkg/lib/python3.10/site-packages:${PYTHONPATH} /usr/bin/python3 -W ignore:setup.py install is deprecated -W ignore:easy_install command is deprecated setup.py egg_info --egg-base ../../build/stepper_pkg build --build-base /home/habiba/AP25_Stepper_RnD/build/stepper_pkg/build install --record /home/habiba/AP25_Stepper_RnD/build/stepper_pkg/install.log --single-version-externally-managed install_data
