[0.584s] DEBUG:colcon:Command line arguments: ['/usr/bin/colcon', 'build']
[0.584s] DEBUG:colcon:Parsed command line arguments: Namespace(log_base=None, log_level=None, verb_name='build', build_base='build', install_base='install', merge_install=False, symlink_install=False, test_result_base=None, continue_on_error=False, executor='parallel', parallel_workers=2, event_handlers=None, ignore_user_meta=False, metas=['./colcon.meta'], base_paths=['.'], packages_ignore=None, packages_ignore_regex=None, paths=None, packages_up_to=None, packages_up_to_regex=None, packages_above=None, packages_above_and_dependencies=None, packages_above_depth=None, packages_select_by_dep=None, packages_skip_by_dep=None, packages_skip_up_to=None, packages_select_build_failed=False, packages_skip_build_finished=False, packages_select_test_failures=False, packages_skip_test_passed=False, packages_select=None, packages_skip=None, packages_select_regex=None, packages_skip_regex=None, packages_start=None, packages_end=None, allow_overriding=[], cmake_args=None, cmake_target=None, cmake_target_skip_unavailable=False, cmake_clean_cache=False, cmake_clean_first=False, cmake_force_configure=False, ament_cmake_args=None, catkin_cmake_args=None, catkin_skip_building_tests=False, verb_parser=<colcon_defaults.argument_parser.defaults.DefaultArgumentsDecorator object at 0x73ad81ab0b20>, verb_extension=<colcon_core.verb.build.BuildVerb object at 0x73ad81c396c0>, main=<bound method BuildVerb.main of <colcon_core.verb.build.BuildVerb object at 0x73ad81c396c0>>)
[1.495s] Level 1:colcon.colcon_core.package_discovery:discover_packages(colcon_meta) check parameters
[1.495s] Level 1:colcon.colcon_core.package_discovery:discover_packages(recursive) check parameters
[1.495s] Level 1:colcon.colcon_core.package_discovery:discover_packages(ignore) check parameters
[1.496s] Level 1:colcon.colcon_core.package_discovery:discover_packages(path) check parameters
[1.496s] Level 1:colcon.colcon_core.package_discovery:discover_packages(colcon_meta) discover
[1.496s] Level 1:colcon.colcon_core.package_discovery:discover_packages(recursive) discover
[1.496s] INFO:colcon.colcon_core.package_discovery:Crawling recursively for packages in '/home/habibashaker/AP25_Stepper_RnD'
[1.496s] Level 1:colcon.colcon_core.package_identification:_identify(.) by extensions ['ignore', 'ignore_ament_install']
[1.497s] Level 1:colcon.colcon_core.package_identification:_identify(.) by extension 'ignore'
[1.497s] Level 1:colcon.colcon_core.package_identification:_identify(.) by extension 'ignore_ament_install'
[1.497s] Level 1:colcon.colcon_core.package_identification:_identify(.) by extensions ['colcon_pkg']
[1.498s] Level 1:colcon.colcon_core.package_identification:_identify(.) by extension 'colcon_pkg'
[1.498s] Level 1:colcon.colcon_core.package_identification:_identify(.) by extensions ['colcon_meta']
[1.498s] Level 1:colcon.colcon_core.package_identification:_identify(.) by extension 'colcon_meta'
[1.498s] Level 1:colcon.colcon_core.package_identification:_identify(.) by extensions ['ros']
[1.498s] Level 1:colcon.colcon_core.package_identification:_identify(.) by extension 'ros'
[1.553s] Level 1:colcon.colcon_core.package_identification:_identify(.) by extensions ['cmake', 'python']
[1.553s] Level 1:colcon.colcon_core.package_identification:_identify(.) by extension 'cmake'
[1.553s] Level 1:colcon.colcon_core.package_identification:_identify(.) by extension 'python'
[1.554s] Level 1:colcon.colcon_core.package_identification:_identify(.) by extensions ['python_setup_py']
[1.554s] Level 1:colcon.colcon_core.package_identification:_identify(.) by extension 'python_setup_py'
[1.555s] Level 1:colcon.colcon_core.package_identification:_identify(Test) by extensions ['ignore', 'ignore_ament_install']
[1.556s] Level 1:colcon.colcon_core.package_identification:_identify(Test) by extension 'ignore'
[1.556s] Level 1:colcon.colcon_core.package_identification:_identify(Test) by extension 'ignore_ament_install'
[1.556s] Level 1:colcon.colcon_core.package_identification:_identify(Test) by extensions ['colcon_pkg']
[1.557s] Level 1:colcon.colcon_core.package_identification:_identify(Test) by extension 'colcon_pkg'
[1.557s] Level 1:colcon.colcon_core.package_identification:_identify(Test) by extensions ['colcon_meta']
[1.557s] Level 1:colcon.colcon_core.package_identification:_identify(Test) by extension 'colcon_meta'
[1.557s] Level 1:colcon.colcon_core.package_identification:_identify(Test) by extensions ['ros']
[1.557s] Level 1:colcon.colcon_core.package_identification:_identify(Test) by extension 'ros'
[1.558s] Level 1:colcon.colcon_core.package_identification:_identify(Test) by extensions ['cmake', 'python']
[1.558s] Level 1:colcon.colcon_core.package_identification:_identify(Test) by extension 'cmake'
[1.558s] Level 1:colcon.colcon_core.package_identification:_identify(Test) by extension 'python'
[1.558s] Level 1:colcon.colcon_core.package_identification:_identify(Test) by extensions ['python_setup_py']
[1.558s] Level 1:colcon.colcon_core.package_identification:_identify(Test) by extension 'python_setup_py'
[1.559s] Level 1:colcon.colcon_core.package_identification:_identify(arduinoSketches) by extensions ['ignore', 'ignore_ament_install']
[1.560s] Level 1:colcon.colcon_core.package_identification:_identify(arduinoSketches) by extension 'ignore'
[1.560s] Level 1:colcon.colcon_core.package_identification:_identify(arduinoSketches) by extension 'ignore_ament_install'
[1.561s] Level 1:colcon.colcon_core.package_identification:_identify(arduinoSketches) by extensions ['colcon_pkg']
[1.561s] Level 1:colcon.colcon_core.package_identification:_identify(arduinoSketches) by extension 'colcon_pkg'
[1.562s] Level 1:colcon.colcon_core.package_identification:_identify(arduinoSketches) by extensions ['colcon_meta']
[1.562s] Level 1:colcon.colcon_core.package_identification:_identify(arduinoSketches) by extension 'colcon_meta'
[1.562s] Level 1:colcon.colcon_core.package_identification:_identify(arduinoSketches) by extensions ['ros']
[1.562s] Level 1:colcon.colcon_core.package_identification:_identify(arduinoSketches) by extension 'ros'
[1.563s] Level 1:colcon.colcon_core.package_identification:_identify(arduinoSketches) by extensions ['cmake', 'python']
[1.563s] Level 1:colcon.colcon_core.package_identification:_identify(arduinoSketches) by extension 'cmake'
[1.563s] Level 1:colcon.colcon_core.package_identification:_identify(arduinoSketches) by extension 'python'
[1.564s] Level 1:colcon.colcon_core.package_identification:_identify(arduinoSketches) by extensions ['python_setup_py']
[1.564s] Level 1:colcon.colcon_core.package_identification:_identify(arduinoSketches) by extension 'python_setup_py'
[1.565s] Level 1:colcon.colcon_core.package_identification:_identify(arduinoSketches/aqua_stepper) by extensions ['ignore', 'ignore_ament_install']
[1.565s] Level 1:colcon.colcon_core.package_identification:_identify(arduinoSketches/aqua_stepper) by extension 'ignore'
[1.566s] Level 1:colcon.colcon_core.package_identification:_identify(arduinoSketches/aqua_stepper) by extension 'ignore_ament_install'
[1.566s] Level 1:colcon.colcon_core.package_identification:_identify(arduinoSketches/aqua_stepper) by extensions ['colcon_pkg']
[1.566s] Level 1:colcon.colcon_core.package_identification:_identify(arduinoSketches/aqua_stepper) by extension 'colcon_pkg'
[1.566s] Level 1:colcon.colcon_core.package_identification:_identify(arduinoSketches/aqua_stepper) by extensions ['colcon_meta']
[1.566s] Level 1:colcon.colcon_core.package_identification:_identify(arduinoSketches/aqua_stepper) by extension 'colcon_meta'
[1.567s] Level 1:colcon.colcon_core.package_identification:_identify(arduinoSketches/aqua_stepper) by extensions ['ros']
[1.567s] Level 1:colcon.colcon_core.package_identification:_identify(arduinoSketches/aqua_stepper) by extension 'ros'
[1.568s] Level 1:colcon.colcon_core.package_identification:_identify(arduinoSketches/aqua_stepper) by extensions ['cmake', 'python']
[1.569s] Level 1:colcon.colcon_core.package_identification:_identify(arduinoSketches/aqua_stepper) by extension 'cmake'
[1.569s] Level 1:colcon.colcon_core.package_identification:_identify(arduinoSketches/aqua_stepper) by extension 'python'
[1.570s] Level 1:colcon.colcon_core.package_identification:_identify(arduinoSketches/aqua_stepper) by extensions ['python_setup_py']
[1.570s] Level 1:colcon.colcon_core.package_identification:_identify(arduinoSketches/aqua_stepper) by extension 'python_setup_py'
[1.571s] Level 1:colcon.colcon_core.package_identification:_identify(build) by extensions ['ignore', 'ignore_ament_install']
[1.571s] Level 1:colcon.colcon_core.package_identification:_identify(build) by extension 'ignore'
[1.571s] Level 1:colcon.colcon_core.package_identification:_identify(build) ignored
[1.572s] Level 1:colcon.colcon_core.package_identification:_identify(install) by extensions ['ignore', 'ignore_ament_install']
[1.573s] Level 1:colcon.colcon_core.package_identification:_identify(install) by extension 'ignore'
[1.573s] Level 1:colcon.colcon_core.package_identification:_identify(install) ignored
[1.573s] Level 1:colcon.colcon_core.package_identification:_identify(log) by extensions ['ignore', 'ignore_ament_install']
[1.574s] Level 1:colcon.colcon_core.package_identification:_identify(log) by extension 'ignore'
[1.574s] Level 1:colcon.colcon_core.package_identification:_identify(log) ignored
[1.575s] Level 1:colcon.colcon_core.package_identification:_identify(src) by extensions ['ignore', 'ignore_ament_install']
[1.575s] Level 1:colcon.colcon_core.package_identification:_identify(src) by extension 'ignore'
[1.575s] Level 1:colcon.colcon_core.package_identification:_identify(src) by extension 'ignore_ament_install'
[1.576s] Level 1:colcon.colcon_core.package_identification:_identify(src) by extensions ['colcon_pkg']
[1.576s] Level 1:colcon.colcon_core.package_identification:_identify(src) by extension 'colcon_pkg'
[1.576s] Level 1:colcon.colcon_core.package_identification:_identify(src) by extensions ['colcon_meta']
[1.577s] Level 1:colcon.colcon_core.package_identification:_identify(src) by extension 'colcon_meta'
[1.577s] Level 1:colcon.colcon_core.package_identification:_identify(src) by extensions ['ros']
[1.578s] Level 1:colcon.colcon_core.package_identification:_identify(src) by extension 'ros'
[1.578s] Level 1:colcon.colcon_core.package_identification:_identify(src) by extensions ['cmake', 'python']
[1.578s] Level 1:colcon.colcon_core.package_identification:_identify(src) by extension 'cmake'
[1.579s] Level 1:colcon.colcon_core.package_identification:_identify(src) by extension 'python'
[1.579s] Level 1:colcon.colcon_core.package_identification:_identify(src) by extensions ['python_setup_py']
[1.579s] Level 1:colcon.colcon_core.package_identification:_identify(src) by extension 'python_setup_py'
[1.580s] Level 1:colcon.colcon_core.package_identification:_identify(src/micro-ROS-Agent) by extensions ['ignore', 'ignore_ament_install']
[1.581s] Level 1:colcon.colcon_core.package_identification:_identify(src/micro-ROS-Agent) by extension 'ignore'
[1.581s] Level 1:colcon.colcon_core.package_identification:_identify(src/micro-ROS-Agent) by extension 'ignore_ament_install'
[1.581s] Level 1:colcon.colcon_core.package_identification:_identify(src/micro-ROS-Agent) by extensions ['colcon_pkg']
[1.582s] Level 1:colcon.colcon_core.package_identification:_identify(src/micro-ROS-Agent) by extension 'colcon_pkg'
[1.582s] Level 1:colcon.colcon_core.package_identification:_identify(src/micro-ROS-Agent) by extensions ['colcon_meta']
[1.583s] Level 1:colcon.colcon_core.package_identification:_identify(src/micro-ROS-Agent) by extension 'colcon_meta'
[1.583s] Level 1:colcon.colcon_core.package_identification:_identify(src/micro-ROS-Agent) by extensions ['ros']
[1.583s] Level 1:colcon.colcon_core.package_identification:_identify(src/micro-ROS-Agent) by extension 'ros'
[1.583s] Level 1:colcon.colcon_core.package_identification:_identify(src/micro-ROS-Agent) by extensions ['cmake', 'python']
[1.584s] Level 1:colcon.colcon_core.package_identification:_identify(src/micro-ROS-Agent) by extension 'cmake'
[1.584s] Level 1:colcon.colcon_core.package_identification:_identify(src/micro-ROS-Agent) by extension 'python'
[1.584s] Level 1:colcon.colcon_core.package_identification:_identify(src/micro-ROS-Agent) by extensions ['python_setup_py']
[1.584s] Level 1:colcon.colcon_core.package_identification:_identify(src/micro-ROS-Agent) by extension 'python_setup_py'
[1.585s] Level 1:colcon.colcon_core.package_identification:_identify(src/micro-ROS-Agent/micro_ros_agent) by extensions ['ignore', 'ignore_ament_install']
[1.586s] Level 1:colcon.colcon_core.package_identification:_identify(src/micro-ROS-Agent/micro_ros_agent) by extension 'ignore'
[1.586s] Level 1:colcon.colcon_core.package_identification:_identify(src/micro-ROS-Agent/micro_ros_agent) by extension 'ignore_ament_install'
[1.587s] Level 1:colcon.colcon_core.package_identification:_identify(src/micro-ROS-Agent/micro_ros_agent) by extensions ['colcon_pkg']
[1.587s] Level 1:colcon.colcon_core.package_identification:_identify(src/micro-ROS-Agent/micro_ros_agent) by extension 'colcon_pkg'
[1.587s] Level 1:colcon.colcon_core.package_identification:_identify(src/micro-ROS-Agent/micro_ros_agent) by extensions ['colcon_meta']
[1.587s] Level 1:colcon.colcon_core.package_identification:_identify(src/micro-ROS-Agent/micro_ros_agent) by extension 'colcon_meta'
[1.588s] Level 1:colcon.colcon_core.package_identification:_identify(src/micro-ROS-Agent/micro_ros_agent) by extensions ['ros']
[1.588s] Level 1:colcon.colcon_core.package_identification:_identify(src/micro-ROS-Agent/micro_ros_agent) by extension 'ros'
[1.600s] DEBUG:colcon.colcon_core.package_identification:Package 'src/micro-ROS-Agent/micro_ros_agent' with type 'ros.ament_cmake' and name 'micro_ros_agent'
[1.601s] Level 1:colcon.colcon_core.package_identification:_identify(src/micro-ROS-Agent/snap) by extensions ['ignore', 'ignore_ament_install']
[1.602s] Level 1:colcon.colcon_core.package_identification:_identify(src/micro-ROS-Agent/snap) by extension 'ignore'
[1.602s] Level 1:colcon.colcon_core.package_identification:_identify(src/micro-ROS-Agent/snap) by extension 'ignore_ament_install'
[1.602s] Level 1:colcon.colcon_core.package_identification:_identify(src/micro-ROS-Agent/snap) by extensions ['colcon_pkg']
[1.602s] Level 1:colcon.colcon_core.package_identification:_identify(src/micro-ROS-Agent/snap) by extension 'colcon_pkg'
[1.603s] Level 1:colcon.colcon_core.package_identification:_identify(src/micro-ROS-Agent/snap) by extensions ['colcon_meta']
[1.603s] Level 1:colcon.colcon_core.package_identification:_identify(src/micro-ROS-Agent/snap) by extension 'colcon_meta'
[1.604s] Level 1:colcon.colcon_core.package_identification:_identify(src/micro-ROS-Agent/snap) by extensions ['ros']
[1.604s] Level 1:colcon.colcon_core.package_identification:_identify(src/micro-ROS-Agent/snap) by extension 'ros'
[1.605s] Level 1:colcon.colcon_core.package_identification:_identify(src/micro-ROS-Agent/snap) by extensions ['cmake', 'python']
[1.605s] Level 1:colcon.colcon_core.package_identification:_identify(src/micro-ROS-Agent/snap) by extension 'cmake'
[1.606s] Level 1:colcon.colcon_core.package_identification:_identify(src/micro-ROS-Agent/snap) by extension 'python'
[1.606s] Level 1:colcon.colcon_core.package_identification:_identify(src/micro-ROS-Agent/snap) by extensions ['python_setup_py']
[1.606s] Level 1:colcon.colcon_core.package_identification:_identify(src/micro-ROS-Agent/snap) by extension 'python_setup_py'
[1.607s] Level 1:colcon.colcon_core.package_identification:_identify(src/micro-ROS-Agent/snap/hooks) by extensions ['ignore', 'ignore_ament_install']
[1.608s] Level 1:colcon.colcon_core.package_identification:_identify(src/micro-ROS-Agent/snap/hooks) by extension 'ignore'
[1.608s] Level 1:colcon.colcon_core.package_identification:_identify(src/micro-ROS-Agent/snap/hooks) by extension 'ignore_ament_install'
[1.608s] Level 1:colcon.colcon_core.package_identification:_identify(src/micro-ROS-Agent/snap/hooks) by extensions ['colcon_pkg']
[1.609s] Level 1:colcon.colcon_core.package_identification:_identify(src/micro-ROS-Agent/snap/hooks) by extension 'colcon_pkg'
[1.609s] Level 1:colcon.colcon_core.package_identification:_identify(src/micro-ROS-Agent/snap/hooks) by extensions ['colcon_meta']
[1.610s] Level 1:colcon.colcon_core.package_identification:_identify(src/micro-ROS-Agent/snap/hooks) by extension 'colcon_meta'
[1.611s] Level 1:colcon.colcon_core.package_identification:_identify(src/micro-ROS-Agent/snap/hooks) by extensions ['ros']
[1.611s] Level 1:colcon.colcon_core.package_identification:_identify(src/micro-ROS-Agent/snap/hooks) by extension 'ros'
[1.612s] Level 1:colcon.colcon_core.package_identification:_identify(src/micro-ROS-Agent/snap/hooks) by extensions ['cmake', 'python']
[1.612s] Level 1:colcon.colcon_core.package_identification:_identify(src/micro-ROS-Agent/snap/hooks) by extension 'cmake'
[1.612s] Level 1:colcon.colcon_core.package_identification:_identify(src/micro-ROS-Agent/snap/hooks) by extension 'python'
[1.612s] Level 1:colcon.colcon_core.package_identification:_identify(src/micro-ROS-Agent/snap/hooks) by extensions ['python_setup_py']
[1.612s] Level 1:colcon.colcon_core.package_identification:_identify(src/micro-ROS-Agent/snap/hooks) by extension 'python_setup_py'
[1.613s] Level 1:colcon.colcon_core.package_identification:_identify(src/micro-ROS-Agent/snap/local) by extensions ['ignore', 'ignore_ament_install']
[1.614s] Level 1:colcon.colcon_core.package_identification:_identify(src/micro-ROS-Agent/snap/local) by extension 'ignore'
[1.614s] Level 1:colcon.colcon_core.package_identification:_identify(src/micro-ROS-Agent/snap/local) by extension 'ignore_ament_install'
[1.615s] Level 1:colcon.colcon_core.package_identification:_identify(src/micro-ROS-Agent/snap/local) by extensions ['colcon_pkg']
[1.615s] Level 1:colcon.colcon_core.package_identification:_identify(src/micro-ROS-Agent/snap/local) by extension 'colcon_pkg'
[1.615s] Level 1:colcon.colcon_core.package_identification:_identify(src/micro-ROS-Agent/snap/local) by extensions ['colcon_meta']
[1.615s] Level 1:colcon.colcon_core.package_identification:_identify(src/micro-ROS-Agent/snap/local) by extension 'colcon_meta'
[1.615s] Level 1:colcon.colcon_core.package_identification:_identify(src/micro-ROS-Agent/snap/local) by extensions ['ros']
[1.616s] Level 1:colcon.colcon_core.package_identification:_identify(src/micro-ROS-Agent/snap/local) by extension 'ros'
[1.616s] Level 1:colcon.colcon_core.package_identification:_identify(src/micro-ROS-Agent/snap/local) by extensions ['cmake', 'python']
[1.617s] Level 1:colcon.colcon_core.package_identification:_identify(src/micro-ROS-Agent/snap/local) by extension 'cmake'
[1.617s] Level 1:colcon.colcon_core.package_identification:_identify(src/micro-ROS-Agent/snap/local) by extension 'python'
[1.618s] Level 1:colcon.colcon_core.package_identification:_identify(src/micro-ROS-Agent/snap/local) by extensions ['python_setup_py']
[1.618s] Level 1:colcon.colcon_core.package_identification:_identify(src/micro-ROS-Agent/snap/local) by extension 'python_setup_py'
[1.619s] Level 1:colcon.colcon_core.package_identification:_identify(src/stepper_pkg) by extensions ['ignore', 'ignore_ament_install']
[1.619s] Level 1:colcon.colcon_core.package_identification:_identify(src/stepper_pkg) by extension 'ignore'
[1.620s] Level 1:colcon.colcon_core.package_identification:_identify(src/stepper_pkg) by extension 'ignore_ament_install'
[1.620s] Level 1:colcon.colcon_core.package_identification:_identify(src/stepper_pkg) by extensions ['colcon_pkg']
[1.620s] Level 1:colcon.colcon_core.package_identification:_identify(src/stepper_pkg) by extension 'colcon_pkg'
[1.621s] Level 1:colcon.colcon_core.package_identification:_identify(src/stepper_pkg) by extensions ['colcon_meta']
[1.621s] Level 1:colcon.colcon_core.package_identification:_identify(src/stepper_pkg) by extension 'colcon_meta'
[1.621s] Level 1:colcon.colcon_core.package_identification:_identify(src/stepper_pkg) by extensions ['ros']
[1.622s] Level 1:colcon.colcon_core.package_identification:_identify(src/stepper_pkg) by extension 'ros'
[1.625s] DEBUG:colcon.colcon_core.package_identification:Package 'src/stepper_pkg' with type 'ros.ament_python' and name 'stepper_pkg'
[1.625s] Level 1:colcon.colcon_core.package_discovery:discover_packages(recursive) using defaults
[1.626s] Level 1:colcon.colcon_core.package_discovery:discover_packages(ignore) discover
[1.626s] Level 1:colcon.colcon_core.package_discovery:discover_packages(ignore) using defaults
[1.626s] Level 1:colcon.colcon_core.package_discovery:discover_packages(path) discover
[1.626s] Level 1:colcon.colcon_core.package_discovery:discover_packages(path) using defaults
[1.715s] Level 1:colcon.colcon_core.package_discovery:discover_packages(prefix_path) check parameters
[1.715s] Level 1:colcon.colcon_core.package_discovery:discover_packages(prefix_path) discover
[1.725s] DEBUG:colcon.colcon_installed_package_information.package_discovery:Found 5 installed packages in /home/habibashaker/ros2_ws/install
[1.733s] DEBUG:colcon.colcon_installed_package_information.package_discovery:Found 272 installed packages in /opt/ros/humble
[1.741s] Level 1:colcon.colcon_core.package_discovery:discover_packages(prefix_path) using defaults
[1.959s] Level 5:colcon.colcon_core.verb:set package 'micro_ros_agent' build argument 'cmake_args' from command line to 'None'
[1.959s] Level 5:colcon.colcon_core.verb:set package 'micro_ros_agent' build argument 'cmake_target' from command line to 'None'
[1.959s] Level 5:colcon.colcon_core.verb:set package 'micro_ros_agent' build argument 'cmake_target_skip_unavailable' from command line to 'False'
[1.959s] Level 5:colcon.colcon_core.verb:set package 'micro_ros_agent' build argument 'cmake_clean_cache' from command line to 'False'
[1.959s] Level 5:colcon.colcon_core.verb:set package 'micro_ros_agent' build argument 'cmake_clean_first' from command line to 'False'
[1.960s] Level 5:colcon.colcon_core.verb:set package 'micro_ros_agent' build argument 'cmake_force_configure' from command line to 'False'
[1.960s] Level 5:colcon.colcon_core.verb:set package 'micro_ros_agent' build argument 'ament_cmake_args' from command line to 'None'
[1.960s] Level 5:colcon.colcon_core.verb:set package 'micro_ros_agent' build argument 'catkin_cmake_args' from command line to 'None'
[1.960s] Level 5:colcon.colcon_core.verb:set package 'micro_ros_agent' build argument 'catkin_skip_building_tests' from command line to 'False'
[1.960s] DEBUG:colcon.colcon_core.verb:Building package 'micro_ros_agent' with the following arguments: {'ament_cmake_args': None, 'build_base': '/home/habibashaker/AP25_Stepper_RnD/build/micro_ros_agent', 'catkin_cmake_args': None, 'catkin_skip_building_tests': False, 'cmake_args': None, 'cmake_clean_cache': False, 'cmake_clean_first': False, 'cmake_force_configure': False, 'cmake_target': None, 'cmake_target_skip_unavailable': False, 'install_base': '/home/habibashaker/AP25_Stepper_RnD/install/micro_ros_agent', 'merge_install': False, 'path': '/home/habibashaker/AP25_Stepper_RnD/src/micro-ROS-Agent/micro_ros_agent', 'symlink_install': False, 'test_result_base': None}
[1.962s] Level 5:colcon.colcon_core.verb:set package 'stepper_pkg' build argument 'cmake_args' from command line to 'None'
[1.962s] Level 5:colcon.colcon_core.verb:set package 'stepper_pkg' build argument 'cmake_target' from command line to 'None'
[1.962s] Level 5:colcon.colcon_core.verb:set package 'stepper_pkg' build argument 'cmake_target_skip_unavailable' from command line to 'False'
[1.962s] Level 5:colcon.colcon_core.verb:set package 'stepper_pkg' build argument 'cmake_clean_cache' from command line to 'False'
[1.963s] Level 5:colcon.colcon_core.verb:set package 'stepper_pkg' build argument 'cmake_clean_first' from command line to 'False'
[1.963s] Level 5:colcon.colcon_core.verb:set package 'stepper_pkg' build argument 'cmake_force_configure' from command line to 'False'
[1.963s] Level 5:colcon.colcon_core.verb:set package 'stepper_pkg' build argument 'ament_cmake_args' from command line to 'None'
[1.963s] Level 5:colcon.colcon_core.verb:set package 'stepper_pkg' build argument 'catkin_cmake_args' from command line to 'None'
[1.963s] Level 5:colcon.colcon_core.verb:set package 'stepper_pkg' build argument 'catkin_skip_building_tests' from command line to 'False'
[1.963s] DEBUG:colcon.colcon_core.verb:Building package 'stepper_pkg' with the following arguments: {'ament_cmake_args': None, 'build_base': '/home/habibashaker/AP25_Stepper_RnD/build/stepper_pkg', 'catkin_cmake_args': None, 'catkin_skip_building_tests': False, 'cmake_args': None, 'cmake_clean_cache': False, 'cmake_clean_first': False, 'cmake_force_configure': False, 'cmake_target': None, 'cmake_target_skip_unavailable': False, 'install_base': '/home/habibashaker/AP25_Stepper_RnD/install/stepper_pkg', 'merge_install': False, 'path': '/home/habibashaker/AP25_Stepper_RnD/src/stepper_pkg', 'symlink_install': False, 'test_result_base': None}
[1.964s] INFO:colcon.colcon_core.executor:Executing jobs using 'parallel' executor
[1.967s] DEBUG:colcon.colcon_parallel_executor.executor.parallel:run_until_complete
[1.968s] INFO:colcon.colcon_ros.task.ament_cmake.build:Building ROS package in '/home/habibashaker/AP25_Stepper_RnD/src/micro-ROS-Agent/micro_ros_agent' with build type 'ament_cmake'
[1.970s] INFO:colcon.colcon_cmake.task.cmake.build:Building CMake package in '/home/habibashaker/AP25_Stepper_RnD/src/micro-ROS-Agent/micro_ros_agent'
[1.984s] INFO:colcon.colcon_core.plugin_system:Skipping extension 'colcon_core.shell.bat': Not used on non-Windows systems
[1.985s] INFO:colcon.colcon_core.shell:Skip shell extension 'powershell' for command environment: Not usable outside of PowerShell
[1.985s] DEBUG:colcon.colcon_core.shell:Skip shell extension 'dsv' for command environment
[2.003s] INFO:colcon.colcon_ros.task.ament_python.build:Building ROS package in '/home/habibashaker/AP25_Stepper_RnD/src/stepper_pkg' with build type 'ament_python'
[2.005s] Level 1:colcon.colcon_core.shell:create_environment_hook('stepper_pkg', 'ament_prefix_path')
[2.007s] INFO:colcon.colcon_core.shell:Creating environment hook '/home/habibashaker/AP25_Stepper_RnD/install/stepper_pkg/share/stepper_pkg/hook/ament_prefix_path.ps1'
[2.013s] INFO:colcon.colcon_core.shell:Creating environment descriptor '/home/habibashaker/AP25_Stepper_RnD/install/stepper_pkg/share/stepper_pkg/hook/ament_prefix_path.dsv'
[2.017s] INFO:colcon.colcon_core.shell:Creating environment hook '/home/habibashaker/AP25_Stepper_RnD/install/stepper_pkg/share/stepper_pkg/hook/ament_prefix_path.sh'
[2.021s] INFO:colcon.colcon_core.shell:Skip shell extension 'powershell' for command environment: Not usable outside of PowerShell
[2.022s] DEBUG:colcon.colcon_core.shell:Skip shell extension 'dsv' for command environment
[2.067s] DEBUG:colcon.colcon_core.event_handler.log_command:Invoking command in '/home/habibashaker/AP25_Stepper_RnD/build/micro_ros_agent': CMAKE_PREFIX_PATH=${CMAKE_PREFIX_PATH}:/home/habibashaker/ros2_ws/install/turtlesim_catch_them_all:/home/habibashaker/ros2_ws/install/my_py_pkg:/opt/ros/humble /usr/bin/cmake --build /home/habibashaker/AP25_Stepper_RnD/build/micro_ros_agent -- -j2 -l2
[4.314s] INFO:colcon.colcon_core.task.python.build:Building Python package in '/home/habibashaker/AP25_Stepper_RnD/src/stepper_pkg'
[4.318s] INFO:colcon.colcon_core.shell:Skip shell extension 'powershell' for command environment: Not usable outside of PowerShell
[4.318s] DEBUG:colcon.colcon_core.shell:Skip shell extension 'dsv' for command environment
[8.236s] DEBUG:colcon.colcon_core.event_handler.log_command:Invoking command in '/home/habibashaker/AP25_Stepper_RnD/src/stepper_pkg': PYTHONPATH=/home/habibashaker/AP25_Stepper_RnD/build/stepper_pkg/prefix_override:/usr/lib/python3/dist-packages/colcon_core/task/python/colcon_distutils_commands:/home/habibashaker/AP25_Stepper_RnD/install/stepper_pkg/lib/python3.10/site-packages:${PYTHONPATH} /usr/bin/python3 -W ignore:setup.py install is deprecated setup.py egg_info --egg-base ../../build/stepper_pkg build --build-base /home/habibashaker/AP25_Stepper_RnD/build/stepper_pkg/build install --record /home/habibashaker/AP25_Stepper_RnD/build/stepper_pkg/install.log --single-version-externally-managed install_data
[11.340s] DEBUG:colcon.colcon_core.event_handler.log_command:Invoked command in '/home/habibashaker/AP25_Stepper_RnD/src/stepper_pkg' returned '0': PYTHONPATH=/home/habibashaker/AP25_Stepper_RnD/build/stepper_pkg/prefix_override:/usr/lib/python3/dist-packages/colcon_core/task/python/colcon_distutils_commands:/home/habibashaker/AP25_Stepper_RnD/install/stepper_pkg/lib/python3.10/site-packages:${PYTHONPATH} /usr/bin/python3 -W ignore:setup.py install is deprecated setup.py egg_info --egg-base ../../build/stepper_pkg build --build-base /home/habibashaker/AP25_Stepper_RnD/build/stepper_pkg/build install --record /home/habibashaker/AP25_Stepper_RnD/build/stepper_pkg/install.log --single-version-externally-managed install_data
[11.365s] Level 1:colcon.colcon_core.environment:checking '/home/habibashaker/AP25_Stepper_RnD/install/stepper_pkg' for CMake module files
[11.372s] Level 1:colcon.colcon_core.environment:checking '/home/habibashaker/AP25_Stepper_RnD/install/stepper_pkg' for CMake config files
[11.383s] Level 1:colcon.colcon_core.environment:checking '/home/habibashaker/AP25_Stepper_RnD/install/stepper_pkg/lib'
[11.386s] Level 1:colcon.colcon_core.environment:checking '/home/habibashaker/AP25_Stepper_RnD/install/stepper_pkg/bin'
[11.387s] Level 1:colcon.colcon_core.environment:checking '/home/habibashaker/AP25_Stepper_RnD/install/stepper_pkg/lib/pkgconfig/stepper_pkg.pc'
[11.390s] Level 1:colcon.colcon_core.environment:checking '/home/habibashaker/AP25_Stepper_RnD/install/stepper_pkg/lib/python3.10/site-packages'
[11.391s] Level 1:colcon.colcon_core.shell:create_environment_hook('stepper_pkg', 'pythonpath')
[11.395s] INFO:colcon.colcon_core.shell:Creating environment hook '/home/habibashaker/AP25_Stepper_RnD/install/stepper_pkg/share/stepper_pkg/hook/pythonpath.ps1'
[11.400s] INFO:colcon.colcon_core.shell:Creating environment descriptor '/home/habibashaker/AP25_Stepper_RnD/install/stepper_pkg/share/stepper_pkg/hook/pythonpath.dsv'
[11.409s] INFO:colcon.colcon_core.shell:Creating environment hook '/home/habibashaker/AP25_Stepper_RnD/install/stepper_pkg/share/stepper_pkg/hook/pythonpath.sh'
[11.421s] Level 1:colcon.colcon_core.environment:checking '/home/habibashaker/AP25_Stepper_RnD/install/stepper_pkg/bin'
[11.424s] Level 1:colcon.colcon_core.environment:create_environment_scripts_only(stepper_pkg)
[11.426s] INFO:colcon.colcon_core.shell:Creating package script '/home/habibashaker/AP25_Stepper_RnD/install/stepper_pkg/share/stepper_pkg/package.ps1'
[11.444s] INFO:colcon.colcon_core.shell:Creating package descriptor '/home/habibashaker/AP25_Stepper_RnD/install/stepper_pkg/share/stepper_pkg/package.dsv'
[11.455s] INFO:colcon.colcon_core.shell:Creating package script '/home/habibashaker/AP25_Stepper_RnD/install/stepper_pkg/share/stepper_pkg/package.sh'
[11.473s] INFO:colcon.colcon_core.shell:Creating package script '/home/habibashaker/AP25_Stepper_RnD/install/stepper_pkg/share/stepper_pkg/package.bash'
[11.483s] INFO:colcon.colcon_core.shell:Creating package script '/home/habibashaker/AP25_Stepper_RnD/install/stepper_pkg/share/stepper_pkg/package.zsh'
[11.492s] Level 1:colcon.colcon_core.environment:create_file_with_runtime_dependencies(/home/habibashaker/AP25_Stepper_RnD/install/stepper_pkg/share/colcon-core/packages/stepper_pkg)
[17.285s] DEBUG:colcon.colcon_core.event_handler.log_command:Invoked command in '/home/habibashaker/AP25_Stepper_RnD/build/micro_ros_agent' returned '2': CMAKE_PREFIX_PATH=${CMAKE_PREFIX_PATH}:/home/habibashaker/ros2_ws/install/turtlesim_catch_them_all:/home/habibashaker/ros2_ws/install/my_py_pkg:/opt/ros/humble /usr/bin/cmake --build /home/habibashaker/AP25_Stepper_RnD/build/micro_ros_agent -- -j2 -l2
[17.438s] Level 1:colcon.colcon_core.environment:create_environment_scripts_only(micro_ros_agent)
[17.440s] Level 1:colcon.colcon_core.environment:checking '/home/habibashaker/AP25_Stepper_RnD/install/micro_ros_agent' for CMake module files
[17.443s] Level 1:colcon.colcon_core.environment:checking '/home/habibashaker/AP25_Stepper_RnD/install/micro_ros_agent' for CMake config files
[17.445s] Level 1:colcon.colcon_core.shell:create_environment_hook('micro_ros_agent', 'cmake_prefix_path')
[17.446s] INFO:colcon.colcon_core.shell:Creating environment hook '/home/habibashaker/AP25_Stepper_RnD/install/micro_ros_agent/share/micro_ros_agent/hook/cmake_prefix_path.ps1'
[17.448s] INFO:colcon.colcon_core.shell:Creating environment descriptor '/home/habibashaker/AP25_Stepper_RnD/install/micro_ros_agent/share/micro_ros_agent/hook/cmake_prefix_path.dsv'
[17.451s] INFO:colcon.colcon_core.shell:Creating environment hook '/home/habibashaker/AP25_Stepper_RnD/install/micro_ros_agent/share/micro_ros_agent/hook/cmake_prefix_path.sh'
[17.455s] Level 1:colcon.colcon_core.environment:checking '/home/habibashaker/AP25_Stepper_RnD/install/micro_ros_agent/lib'
[17.455s] Level 1:colcon.colcon_core.shell:create_environment_hook('micro_ros_agent', 'ld_library_path_lib')
[17.457s] INFO:colcon.colcon_core.shell:Creating environment hook '/home/habibashaker/AP25_Stepper_RnD/install/micro_ros_agent/share/micro_ros_agent/hook/ld_library_path_lib.ps1'
[17.461s] INFO:colcon.colcon_core.shell:Creating environment descriptor '/home/habibashaker/AP25_Stepper_RnD/install/micro_ros_agent/share/micro_ros_agent/hook/ld_library_path_lib.dsv'
[17.464s] INFO:colcon.colcon_core.shell:Creating environment hook '/home/habibashaker/AP25_Stepper_RnD/install/micro_ros_agent/share/micro_ros_agent/hook/ld_library_path_lib.sh'
[17.468s] Level 1:colcon.colcon_core.environment:checking '/home/habibashaker/AP25_Stepper_RnD/install/micro_ros_agent/bin'
[17.469s] Level 1:colcon.colcon_core.environment:checking '/home/habibashaker/AP25_Stepper_RnD/install/micro_ros_agent/lib/pkgconfig/micro_ros_agent.pc'
[17.470s] Level 1:colcon.colcon_core.environment:checking '/home/habibashaker/AP25_Stepper_RnD/install/micro_ros_agent/lib/python3.10/site-packages'
[17.472s] Level 1:colcon.colcon_core.environment:checking '/home/habibashaker/AP25_Stepper_RnD/install/micro_ros_agent/bin'
[17.475s] INFO:colcon.colcon_core.shell:Creating package script '/home/habibashaker/AP25_Stepper_RnD/install/micro_ros_agent/share/micro_ros_agent/package.ps1'
[17.479s] INFO:colcon.colcon_core.shell:Creating package descriptor '/home/habibashaker/AP25_Stepper_RnD/install/micro_ros_agent/share/micro_ros_agent/package.dsv'
[17.484s] INFO:colcon.colcon_core.shell:Creating package script '/home/habibashaker/AP25_Stepper_RnD/install/micro_ros_agent/share/micro_ros_agent/package.sh'
[17.488s] INFO:colcon.colcon_core.shell:Creating package script '/home/habibashaker/AP25_Stepper_RnD/install/micro_ros_agent/share/micro_ros_agent/package.bash'
[17.491s] INFO:colcon.colcon_core.shell:Creating package script '/home/habibashaker/AP25_Stepper_RnD/install/micro_ros_agent/share/micro_ros_agent/package.zsh'
[17.495s] Level 1:colcon.colcon_core.environment:create_file_with_runtime_dependencies(/home/habibashaker/AP25_Stepper_RnD/install/micro_ros_agent/share/colcon-core/packages/micro_ros_agent)
[17.507s] DEBUG:colcon.colcon_parallel_executor.executor.parallel:closing loop
[17.508s] DEBUG:colcon.colcon_parallel_executor.executor.parallel:loop closed
[17.508s] DEBUG:colcon.colcon_parallel_executor.executor.parallel:run_until_complete finished with '2'
[17.510s] DEBUG:colcon.colcon_core.event_reactor:joining thread
[17.540s] INFO:colcon.colcon_core.plugin_system:Skipping extension 'colcon_notification.desktop_notification.terminal_notifier': Not used on non-Darwin systems
[17.540s] INFO:colcon.colcon_core.plugin_system:Skipping extension 'colcon_notification.desktop_notification.win32': Not used on non-Windows systems
[17.541s] INFO:colcon.colcon_notification.desktop_notification:Sending desktop notification using 'notify2'
[17.611s] DEBUG:colcon.colcon_core.event_reactor:joined thread
[17.612s] INFO:colcon.colcon_core.shell:Creating prefix script '/home/habibashaker/AP25_Stepper_RnD/install/local_setup.ps1'
[17.621s] INFO:colcon.colcon_core.shell:Creating prefix util module '/home/habibashaker/AP25_Stepper_RnD/install/_local_setup_util_ps1.py'
[17.636s] INFO:colcon.colcon_core.shell:Creating prefix chain script '/home/habibashaker/AP25_Stepper_RnD/install/setup.ps1'
[17.648s] INFO:colcon.colcon_core.shell:Creating prefix script '/home/habibashaker/AP25_Stepper_RnD/install/local_setup.sh'
[17.654s] INFO:colcon.colcon_core.shell:Creating prefix util module '/home/habibashaker/AP25_Stepper_RnD/install/_local_setup_util_sh.py'
[17.660s] INFO:colcon.colcon_core.shell:Creating prefix chain script '/home/habibashaker/AP25_Stepper_RnD/install/setup.sh'
[17.668s] INFO:colcon.colcon_core.shell:Creating prefix script '/home/habibashaker/AP25_Stepper_RnD/install/local_setup.bash'
[17.670s] INFO:colcon.colcon_core.shell:Creating prefix chain script '/home/habibashaker/AP25_Stepper_RnD/install/setup.bash'
[17.676s] INFO:colcon.colcon_core.shell:Creating prefix script '/home/habibashaker/AP25_Stepper_RnD/install/local_setup.zsh'
[17.680s] INFO:colcon.colcon_core.shell:Creating prefix chain script '/home/habibashaker/AP25_Stepper_RnD/install/setup.zsh'
