[0.116s] DEBUG:colcon:Command line arguments: ['/usr/bin/colcon', 'build']
[0.117s] DEBUG:colcon:Parsed command line arguments: Namespace(log_base=None, log_level=None, verb_name='build', build_base='build', install_base='install', merge_install=False, symlink_install=False, test_result_base=None, continue_on_error=False, executor='parallel', parallel_workers=12, event_handlers=None, ignore_user_meta=False, metas=['./colcon.meta'], base_paths=['.'], packages_ignore=None, packages_ignore_regex=None, paths=None, packages_up_to=None, packages_up_to_regex=None, packages_above=None, packages_above_and_dependencies=None, packages_above_depth=None, packages_select_by_dep=None, packages_skip_by_dep=None, packages_skip_up_to=None, packages_select_build_failed=False, packages_skip_build_finished=False, packages_select_test_failures=False, packages_skip_test_passed=False, packages_select=None, packages_skip=None, packages_select_regex=None, packages_skip_regex=None, packages_start=None, packages_end=None, allow_overriding=[], cmake_args=None, cmake_target=None, cmake_target_skip_unavailable=False, cmake_clean_cache=False, cmake_clean_first=False, cmake_force_configure=False, ament_cmake_args=None, catkin_cmake_args=None, catkin_skip_building_tests=False, verb_parser=<colcon_defaults.argument_parser.defaults.DefaultArgumentsDecorator object at 0x733727b6c970>, verb_extension=<colcon_core.verb.build.BuildVerb object at 0x733727c6e500>, main=<bound method BuildVerb.main of <colcon_core.verb.build.BuildVerb object at 0x733727c6e500>>)
[0.336s] Level 1:colcon.colcon_core.package_discovery:discover_packages(colcon_meta) check parameters
[0.336s] Level 1:colcon.colcon_core.package_discovery:discover_packages(recursive) check parameters
[0.336s] Level 1:colcon.colcon_core.package_discovery:discover_packages(ignore) check parameters
[0.336s] Level 1:colcon.colcon_core.package_discovery:discover_packages(path) check parameters
[0.336s] Level 1:colcon.colcon_core.package_discovery:discover_packages(colcon_meta) discover
[0.337s] Level 1:colcon.colcon_core.package_discovery:discover_packages(recursive) discover
[0.337s] INFO:colcon.colcon_core.package_discovery:Crawling recursively for packages in '/home/habiba/AP25_Stepper_RnD'
[0.337s] Level 1:colcon.colcon_core.package_identification:_identify(.) by extensions ['ignore', 'ignore_ament_install']
[0.337s] Level 1:colcon.colcon_core.package_identification:_identify(.) by extension 'ignore'
[0.337s] Level 1:colcon.colcon_core.package_identification:_identify(.) by extension 'ignore_ament_install'
[0.337s] Level 1:colcon.colcon_core.package_identification:_identify(.) by extensions ['colcon_pkg']
[0.337s] Level 1:colcon.colcon_core.package_identification:_identify(.) by extension 'colcon_pkg'
[0.337s] Level 1:colcon.colcon_core.package_identification:_identify(.) by extensions ['colcon_meta']
[0.337s] Level 1:colcon.colcon_core.package_identification:_identify(.) by extension 'colcon_meta'
[0.337s] Level 1:colcon.colcon_core.package_identification:_identify(.) by extensions ['ros']
[0.337s] Level 1:colcon.colcon_core.package_identification:_identify(.) by extension 'ros'
[0.348s] Level 1:colcon.colcon_core.package_identification:_identify(.) by extensions ['cmake', 'python']
[0.348s] Level 1:colcon.colcon_core.package_identification:_identify(.) by extension 'cmake'
[0.348s] Level 1:colcon.colcon_core.package_identification:_identify(.) by extension 'python'
[0.348s] Level 1:colcon.colcon_core.package_identification:_identify(.) by extensions ['python_setup_py']
[0.348s] Level 1:colcon.colcon_core.package_identification:_identify(.) by extension 'python_setup_py'
[0.348s] Level 1:colcon.colcon_core.package_identification:_identify(Test) by extensions ['ignore', 'ignore_ament_install']
[0.349s] Level 1:colcon.colcon_core.package_identification:_identify(Test) by extension 'ignore'
[0.349s] Level 1:colcon.colcon_core.package_identification:_identify(Test) by extension 'ignore_ament_install'
[0.349s] Level 1:colcon.colcon_core.package_identification:_identify(Test) by extensions ['colcon_pkg']
[0.349s] Level 1:colcon.colcon_core.package_identification:_identify(Test) by extension 'colcon_pkg'
[0.349s] Level 1:colcon.colcon_core.package_identification:_identify(Test) by extensions ['colcon_meta']
[0.349s] Level 1:colcon.colcon_core.package_identification:_identify(Test) by extension 'colcon_meta'
[0.349s] Level 1:colcon.colcon_core.package_identification:_identify(Test) by extensions ['ros']
[0.349s] Level 1:colcon.colcon_core.package_identification:_identify(Test) by extension 'ros'
[0.349s] Level 1:colcon.colcon_core.package_identification:_identify(Test) by extensions ['cmake', 'python']
[0.349s] Level 1:colcon.colcon_core.package_identification:_identify(Test) by extension 'cmake'
[0.349s] Level 1:colcon.colcon_core.package_identification:_identify(Test) by extension 'python'
[0.349s] Level 1:colcon.colcon_core.package_identification:_identify(Test) by extensions ['python_setup_py']
[0.349s] Level 1:colcon.colcon_core.package_identification:_identify(Test) by extension 'python_setup_py'
[0.349s] Level 1:colcon.colcon_core.package_identification:_identify(Test/stepper_register_test) by extensions ['ignore', 'ignore_ament_install']
[0.349s] Level 1:colcon.colcon_core.package_identification:_identify(Test/stepper_register_test) by extension 'ignore'
[0.349s] Level 1:colcon.colcon_core.package_identification:_identify(Test/stepper_register_test) by extension 'ignore_ament_install'
[0.349s] Level 1:colcon.colcon_core.package_identification:_identify(Test/stepper_register_test) by extensions ['colcon_pkg']
[0.349s] Level 1:colcon.colcon_core.package_identification:_identify(Test/stepper_register_test) by extension 'colcon_pkg'
[0.349s] Level 1:colcon.colcon_core.package_identification:_identify(Test/stepper_register_test) by extensions ['colcon_meta']
[0.349s] Level 1:colcon.colcon_core.package_identification:_identify(Test/stepper_register_test) by extension 'colcon_meta'
[0.350s] Level 1:colcon.colcon_core.package_identification:_identify(Test/stepper_register_test) by extensions ['ros']
[0.350s] Level 1:colcon.colcon_core.package_identification:_identify(Test/stepper_register_test) by extension 'ros'
[0.350s] Level 1:colcon.colcon_core.package_identification:_identify(Test/stepper_register_test) by extensions ['cmake', 'python']
[0.350s] Level 1:colcon.colcon_core.package_identification:_identify(Test/stepper_register_test) by extension 'cmake'
[0.350s] Level 1:colcon.colcon_core.package_identification:_identify(Test/stepper_register_test) by extension 'python'
[0.350s] Level 1:colcon.colcon_core.package_identification:_identify(Test/stepper_register_test) by extensions ['python_setup_py']
[0.350s] Level 1:colcon.colcon_core.package_identification:_identify(Test/stepper_register_test) by extension 'python_setup_py'
[0.350s] Level 1:colcon.colcon_core.package_identification:_identify(Test/test_stepper_driver) by extensions ['ignore', 'ignore_ament_install']
[0.350s] Level 1:colcon.colcon_core.package_identification:_identify(Test/test_stepper_driver) by extension 'ignore'
[0.350s] Level 1:colcon.colcon_core.package_identification:_identify(Test/test_stepper_driver) by extension 'ignore_ament_install'
[0.350s] Level 1:colcon.colcon_core.package_identification:_identify(Test/test_stepper_driver) by extensions ['colcon_pkg']
[0.350s] Level 1:colcon.colcon_core.package_identification:_identify(Test/test_stepper_driver) by extension 'colcon_pkg'
[0.350s] Level 1:colcon.colcon_core.package_identification:_identify(Test/test_stepper_driver) by extensions ['colcon_meta']
[0.350s] Level 1:colcon.colcon_core.package_identification:_identify(Test/test_stepper_driver) by extension 'colcon_meta'
[0.350s] Level 1:colcon.colcon_core.package_identification:_identify(Test/test_stepper_driver) by extensions ['ros']
[0.350s] Level 1:colcon.colcon_core.package_identification:_identify(Test/test_stepper_driver) by extension 'ros'
[0.350s] Level 1:colcon.colcon_core.package_identification:_identify(Test/test_stepper_driver) by extensions ['cmake', 'python']
[0.350s] Level 1:colcon.colcon_core.package_identification:_identify(Test/test_stepper_driver) by extension 'cmake'
[0.350s] Level 1:colcon.colcon_core.package_identification:_identify(Test/test_stepper_driver) by extension 'python'
[0.350s] Level 1:colcon.colcon_core.package_identification:_identify(Test/test_stepper_driver) by extensions ['python_setup_py']
[0.350s] Level 1:colcon.colcon_core.package_identification:_identify(Test/test_stepper_driver) by extension 'python_setup_py'
[0.351s] Level 1:colcon.colcon_core.package_identification:_identify(arduinoSketches) by extensions ['ignore', 'ignore_ament_install']
[0.351s] Level 1:colcon.colcon_core.package_identification:_identify(arduinoSketches) by extension 'ignore'
[0.351s] Level 1:colcon.colcon_core.package_identification:_identify(arduinoSketches) by extension 'ignore_ament_install'
[0.351s] Level 1:colcon.colcon_core.package_identification:_identify(arduinoSketches) by extensions ['colcon_pkg']
[0.351s] Level 1:colcon.colcon_core.package_identification:_identify(arduinoSketches) by extension 'colcon_pkg'
[0.351s] Level 1:colcon.colcon_core.package_identification:_identify(arduinoSketches) by extensions ['colcon_meta']
[0.351s] Level 1:colcon.colcon_core.package_identification:_identify(arduinoSketches) by extension 'colcon_meta'
[0.351s] Level 1:colcon.colcon_core.package_identification:_identify(arduinoSketches) by extensions ['ros']
[0.351s] Level 1:colcon.colcon_core.package_identification:_identify(arduinoSketches) by extension 'ros'
[0.351s] Level 1:colcon.colcon_core.package_identification:_identify(arduinoSketches) by extensions ['cmake', 'python']
[0.351s] Level 1:colcon.colcon_core.package_identification:_identify(arduinoSketches) by extension 'cmake'
[0.351s] Level 1:colcon.colcon_core.package_identification:_identify(arduinoSketches) by extension 'python'
[0.351s] Level 1:colcon.colcon_core.package_identification:_identify(arduinoSketches) by extensions ['python_setup_py']
[0.351s] Level 1:colcon.colcon_core.package_identification:_identify(arduinoSketches) by extension 'python_setup_py'
[0.351s] Level 1:colcon.colcon_core.package_identification:_identify(arduinoSketches/aqua_stepper) by extensions ['ignore', 'ignore_ament_install']
[0.351s] Level 1:colcon.colcon_core.package_identification:_identify(arduinoSketches/aqua_stepper) by extension 'ignore'
[0.351s] Level 1:colcon.colcon_core.package_identification:_identify(arduinoSketches/aqua_stepper) by extension 'ignore_ament_install'
[0.351s] Level 1:colcon.colcon_core.package_identification:_identify(arduinoSketches/aqua_stepper) by extensions ['colcon_pkg']
[0.351s] Level 1:colcon.colcon_core.package_identification:_identify(arduinoSketches/aqua_stepper) by extension 'colcon_pkg'
[0.351s] Level 1:colcon.colcon_core.package_identification:_identify(arduinoSketches/aqua_stepper) by extensions ['colcon_meta']
[0.351s] Level 1:colcon.colcon_core.package_identification:_identify(arduinoSketches/aqua_stepper) by extension 'colcon_meta'
[0.352s] Level 1:colcon.colcon_core.package_identification:_identify(arduinoSketches/aqua_stepper) by extensions ['ros']
[0.352s] Level 1:colcon.colcon_core.package_identification:_identify(arduinoSketches/aqua_stepper) by extension 'ros'
[0.352s] Level 1:colcon.colcon_core.package_identification:_identify(arduinoSketches/aqua_stepper) by extensions ['cmake', 'python']
[0.352s] Level 1:colcon.colcon_core.package_identification:_identify(arduinoSketches/aqua_stepper) by extension 'cmake'
[0.352s] Level 1:colcon.colcon_core.package_identification:_identify(arduinoSketches/aqua_stepper) by extension 'python'
[0.352s] Level 1:colcon.colcon_core.package_identification:_identify(arduinoSketches/aqua_stepper) by extensions ['python_setup_py']
[0.352s] Level 1:colcon.colcon_core.package_identification:_identify(arduinoSketches/aqua_stepper) by extension 'python_setup_py'
[0.352s] Level 1:colcon.colcon_core.package_identification:_identify(arduinoSketches/test_stepper_2reg) by extensions ['ignore', 'ignore_ament_install']
[0.352s] Level 1:colcon.colcon_core.package_identification:_identify(arduinoSketches/test_stepper_2reg) by extension 'ignore'
[0.352s] Level 1:colcon.colcon_core.package_identification:_identify(arduinoSketches/test_stepper_2reg) by extension 'ignore_ament_install'
[0.352s] Level 1:colcon.colcon_core.package_identification:_identify(arduinoSketches/test_stepper_2reg) by extensions ['colcon_pkg']
[0.352s] Level 1:colcon.colcon_core.package_identification:_identify(arduinoSketches/test_stepper_2reg) by extension 'colcon_pkg'
[0.352s] Level 1:colcon.colcon_core.package_identification:_identify(arduinoSketches/test_stepper_2reg) by extensions ['colcon_meta']
[0.352s] Level 1:colcon.colcon_core.package_identification:_identify(arduinoSketches/test_stepper_2reg) by extension 'colcon_meta'
[0.352s] Level 1:colcon.colcon_core.package_identification:_identify(arduinoSketches/test_stepper_2reg) by extensions ['ros']
[0.352s] Level 1:colcon.colcon_core.package_identification:_identify(arduinoSketches/test_stepper_2reg) by extension 'ros'
[0.352s] Level 1:colcon.colcon_core.package_identification:_identify(arduinoSketches/test_stepper_2reg) by extensions ['cmake', 'python']
[0.352s] Level 1:colcon.colcon_core.package_identification:_identify(arduinoSketches/test_stepper_2reg) by extension 'cmake'
[0.352s] Level 1:colcon.colcon_core.package_identification:_identify(arduinoSketches/test_stepper_2reg) by extension 'python'
[0.352s] Level 1:colcon.colcon_core.package_identification:_identify(arduinoSketches/test_stepper_2reg) by extensions ['python_setup_py']
[0.352s] Level 1:colcon.colcon_core.package_identification:_identify(arduinoSketches/test_stepper_2reg) by extension 'python_setup_py'
[0.353s] Level 1:colcon.colcon_core.package_identification:_identify(build) by extensions ['ignore', 'ignore_ament_install']
[0.353s] Level 1:colcon.colcon_core.package_identification:_identify(build) by extension 'ignore'
[0.353s] Level 1:colcon.colcon_core.package_identification:_identify(build) ignored
[0.353s] Level 1:colcon.colcon_core.package_identification:_identify(install) by extensions ['ignore', 'ignore_ament_install']
[0.353s] Level 1:colcon.colcon_core.package_identification:_identify(install) by extension 'ignore'
[0.353s] Level 1:colcon.colcon_core.package_identification:_identify(install) ignored
[0.353s] Level 1:colcon.colcon_core.package_identification:_identify(log) by extensions ['ignore', 'ignore_ament_install']
[0.353s] Level 1:colcon.colcon_core.package_identification:_identify(log) by extension 'ignore'
[0.353s] Level 1:colcon.colcon_core.package_identification:_identify(log) ignored
[0.353s] Level 1:colcon.colcon_core.package_identification:_identify(src) by extensions ['ignore', 'ignore_ament_install']
[0.353s] Level 1:colcon.colcon_core.package_identification:_identify(src) by extension 'ignore'
[0.353s] Level 1:colcon.colcon_core.package_identification:_identify(src) by extension 'ignore_ament_install'
[0.353s] Level 1:colcon.colcon_core.package_identification:_identify(src) by extensions ['colcon_pkg']
[0.353s] Level 1:colcon.colcon_core.package_identification:_identify(src) by extension 'colcon_pkg'
[0.353s] Level 1:colcon.colcon_core.package_identification:_identify(src) by extensions ['colcon_meta']
[0.353s] Level 1:colcon.colcon_core.package_identification:_identify(src) by extension 'colcon_meta'
[0.354s] Level 1:colcon.colcon_core.package_identification:_identify(src) by extensions ['ros']
[0.354s] Level 1:colcon.colcon_core.package_identification:_identify(src) by extension 'ros'
[0.354s] Level 1:colcon.colcon_core.package_identification:_identify(src) by extensions ['cmake', 'python']
[0.354s] Level 1:colcon.colcon_core.package_identification:_identify(src) by extension 'cmake'
[0.354s] Level 1:colcon.colcon_core.package_identification:_identify(src) by extension 'python'
[0.354s] Level 1:colcon.colcon_core.package_identification:_identify(src) by extensions ['python_setup_py']
[0.354s] Level 1:colcon.colcon_core.package_identification:_identify(src) by extension 'python_setup_py'
[0.354s] Level 1:colcon.colcon_core.package_identification:_identify(src/stepper_pkg) by extensions ['ignore', 'ignore_ament_install']
[0.354s] Level 1:colcon.colcon_core.package_identification:_identify(src/stepper_pkg) by extension 'ignore'
[0.354s] Level 1:colcon.colcon_core.package_identification:_identify(src/stepper_pkg) by extension 'ignore_ament_install'
[0.354s] Level 1:colcon.colcon_core.package_identification:_identify(src/stepper_pkg) by extensions ['colcon_pkg']
[0.354s] Level 1:colcon.colcon_core.package_identification:_identify(src/stepper_pkg) by extension 'colcon_pkg'
[0.354s] Level 1:colcon.colcon_core.package_identification:_identify(src/stepper_pkg) by extensions ['colcon_meta']
[0.354s] Level 1:colcon.colcon_core.package_identification:_identify(src/stepper_pkg) by extension 'colcon_meta'
[0.354s] Level 1:colcon.colcon_core.package_identification:_identify(src/stepper_pkg) by extensions ['ros']
[0.354s] Level 1:colcon.colcon_core.package_identification:_identify(src/stepper_pkg) by extension 'ros'
[0.357s] DEBUG:colcon.colcon_core.package_identification:Package 'src/stepper_pkg' with type 'ros.ament_python' and name 'stepper_pkg'
[0.357s] Level 1:colcon.colcon_core.package_discovery:discover_packages(recursive) using defaults
[0.357s] Level 1:colcon.colcon_core.package_discovery:discover_packages(ignore) discover
[0.357s] Level 1:colcon.colcon_core.package_discovery:discover_packages(ignore) using defaults
[0.357s] Level 1:colcon.colcon_core.package_discovery:discover_packages(path) discover
[0.357s] Level 1:colcon.colcon_core.package_discovery:discover_packages(path) using defaults
[0.385s] Level 1:colcon.colcon_core.package_discovery:discover_packages(prefix_path) check parameters
[0.385s] Level 1:colcon.colcon_core.package_discovery:discover_packages(prefix_path) discover
[0.388s] DEBUG:colcon.colcon_installed_package_information.package_discovery:Found 274 installed packages in /opt/ros/humble
[0.389s] Level 1:colcon.colcon_core.package_discovery:discover_packages(prefix_path) using defaults
[0.425s] Level 5:colcon.colcon_core.verb:set package 'stepper_pkg' build argument 'cmake_args' from command line to 'None'
[0.425s] Level 5:colcon.colcon_core.verb:set package 'stepper_pkg' build argument 'cmake_target' from command line to 'None'
[0.425s] Level 5:colcon.colcon_core.verb:set package 'stepper_pkg' build argument 'cmake_target_skip_unavailable' from command line to 'False'
[0.425s] Level 5:colcon.colcon_core.verb:set package 'stepper_pkg' build argument 'cmake_clean_cache' from command line to 'False'
[0.425s] Level 5:colcon.colcon_core.verb:set package 'stepper_pkg' build argument 'cmake_clean_first' from command line to 'False'
[0.425s] Level 5:colcon.colcon_core.verb:set package 'stepper_pkg' build argument 'cmake_force_configure' from command line to 'False'
[0.425s] Level 5:colcon.colcon_core.verb:set package 'stepper_pkg' build argument 'ament_cmake_args' from command line to 'None'
[0.425s] Level 5:colcon.colcon_core.verb:set package 'stepper_pkg' build argument 'catkin_cmake_args' from command line to 'None'
[0.425s] Level 5:colcon.colcon_core.verb:set package 'stepper_pkg' build argument 'catkin_skip_building_tests' from command line to 'False'
[0.425s] DEBUG:colcon.colcon_core.verb:Building package 'stepper_pkg' with the following arguments: {'ament_cmake_args': None, 'build_base': '/home/habiba/AP25_Stepper_RnD/build/stepper_pkg', 'catkin_cmake_args': None, 'catkin_skip_building_tests': False, 'cmake_args': None, 'cmake_clean_cache': False, 'cmake_clean_first': False, 'cmake_force_configure': False, 'cmake_target': None, 'cmake_target_skip_unavailable': False, 'install_base': '/home/habiba/AP25_Stepper_RnD/install/stepper_pkg', 'merge_install': False, 'path': '/home/habiba/AP25_Stepper_RnD/src/stepper_pkg', 'symlink_install': False, 'test_result_base': None}
[0.425s] INFO:colcon.colcon_core.executor:Executing jobs using 'parallel' executor
[0.426s] DEBUG:colcon.colcon_parallel_executor.executor.parallel:run_until_complete
[0.426s] INFO:colcon.colcon_ros.task.ament_python.build:Building ROS package in '/home/habiba/AP25_Stepper_RnD/src/stepper_pkg' with build type 'ament_python'
[0.426s] Level 1:colcon.colcon_core.shell:create_environment_hook('stepper_pkg', 'ament_prefix_path')
[0.429s] INFO:colcon.colcon_core.plugin_system:Skipping extension 'colcon_core.shell.bat': Not used on non-Windows systems
[0.429s] INFO:colcon.colcon_core.shell:Creating environment hook '/home/habiba/AP25_Stepper_RnD/install/stepper_pkg/share/stepper_pkg/hook/ament_prefix_path.ps1'
[0.430s] INFO:colcon.colcon_core.shell:Creating environment descriptor '/home/habiba/AP25_Stepper_RnD/install/stepper_pkg/share/stepper_pkg/hook/ament_prefix_path.dsv'
[0.431s] INFO:colcon.colcon_core.shell:Creating environment hook '/home/habiba/AP25_Stepper_RnD/install/stepper_pkg/share/stepper_pkg/hook/ament_prefix_path.sh'
[0.431s] INFO:colcon.colcon_core.shell:Skip shell extension 'powershell' for command environment: Not usable outside of PowerShell
[0.432s] DEBUG:colcon.colcon_core.shell:Skip shell extension 'dsv' for command environment
[0.692s] INFO:colcon.colcon_core.task.python.build:Building Python package in '/home/habiba/AP25_Stepper_RnD/src/stepper_pkg'
[0.692s] INFO:colcon.colcon_core.shell:Skip shell extension 'powershell' for command environment: Not usable outside of PowerShell
[0.692s] DEBUG:colcon.colcon_core.shell:Skip shell extension 'dsv' for command environment
[1.125s] DEBUG:colcon.colcon_core.event_handler.log_command:Invoking command in '/home/habiba/AP25_Stepper_RnD/src/stepper_pkg': PYTHONPATH=/home/habiba/AP25_Stepper_RnD/build/stepper_pkg/prefix_override:/usr/lib/python3/dist-packages/colcon_core/task/python/colcon_distutils_commands:/home/habiba/AP25_Stepper_RnD/install/stepper_pkg/lib/python3.10/site-packages:${PYTHONPATH} /usr/bin/python3 -W ignore:setup.py install is deprecated -W ignore:easy_install command is deprecated setup.py egg_info --egg-base ../../build/stepper_pkg build --build-base /home/habiba/AP25_Stepper_RnD/build/stepper_pkg/build install --record /home/habiba/AP25_Stepper_RnD/build/stepper_pkg/install.log --single-version-externally-managed install_data
[1.415s] DEBUG:colcon.colcon_core.event_handler.log_command:Invoked command in '/home/habiba/AP25_Stepper_RnD/src/stepper_pkg' returned '0': PYTHONPATH=/home/habiba/AP25_Stepper_RnD/build/stepper_pkg/prefix_override:/usr/lib/python3/dist-packages/colcon_core/task/python/colcon_distutils_commands:/home/habiba/AP25_Stepper_RnD/install/stepper_pkg/lib/python3.10/site-packages:${PYTHONPATH} /usr/bin/python3 -W ignore:setup.py install is deprecated -W ignore:easy_install command is deprecated setup.py egg_info --egg-base ../../build/stepper_pkg build --build-base /home/habiba/AP25_Stepper_RnD/build/stepper_pkg/build install --record /home/habiba/AP25_Stepper_RnD/build/stepper_pkg/install.log --single-version-externally-managed install_data
[1.420s] Level 1:colcon.colcon_core.environment:checking '/home/habiba/AP25_Stepper_RnD/install/stepper_pkg' for CMake module files
[1.421s] Level 1:colcon.colcon_core.environment:checking '/home/habiba/AP25_Stepper_RnD/install/stepper_pkg' for CMake config files
[1.422s] Level 1:colcon.colcon_core.environment:checking '/home/habiba/AP25_Stepper_RnD/install/stepper_pkg/lib'
[1.422s] Level 1:colcon.colcon_core.environment:checking '/home/habiba/AP25_Stepper_RnD/install/stepper_pkg/bin'
[1.422s] Level 1:colcon.colcon_core.environment:checking '/home/habiba/AP25_Stepper_RnD/install/stepper_pkg/lib/pkgconfig/stepper_pkg.pc'
[1.422s] Level 1:colcon.colcon_core.environment:checking '/home/habiba/AP25_Stepper_RnD/install/stepper_pkg/lib/python3.10/site-packages'
[1.422s] Level 1:colcon.colcon_core.shell:create_environment_hook('stepper_pkg', 'pythonpath')
[1.423s] INFO:colcon.colcon_core.shell:Creating environment hook '/home/habiba/AP25_Stepper_RnD/install/stepper_pkg/share/stepper_pkg/hook/pythonpath.ps1'
[1.423s] INFO:colcon.colcon_core.shell:Creating environment descriptor '/home/habiba/AP25_Stepper_RnD/install/stepper_pkg/share/stepper_pkg/hook/pythonpath.dsv'
[1.423s] INFO:colcon.colcon_core.shell:Creating environment hook '/home/habiba/AP25_Stepper_RnD/install/stepper_pkg/share/stepper_pkg/hook/pythonpath.sh'
[1.424s] Level 1:colcon.colcon_core.environment:checking '/home/habiba/AP25_Stepper_RnD/install/stepper_pkg/bin'
[1.424s] Level 1:colcon.colcon_core.environment:create_environment_scripts_only(stepper_pkg)
[1.424s] INFO:colcon.colcon_core.shell:Creating package script '/home/habiba/AP25_Stepper_RnD/install/stepper_pkg/share/stepper_pkg/package.ps1'
[1.425s] INFO:colcon.colcon_core.shell:Creating package descriptor '/home/habiba/AP25_Stepper_RnD/install/stepper_pkg/share/stepper_pkg/package.dsv'
[1.426s] INFO:colcon.colcon_core.shell:Creating package script '/home/habiba/AP25_Stepper_RnD/install/stepper_pkg/share/stepper_pkg/package.sh'
[1.427s] INFO:colcon.colcon_core.shell:Creating package script '/home/habiba/AP25_Stepper_RnD/install/stepper_pkg/share/stepper_pkg/package.bash'
[1.428s] INFO:colcon.colcon_core.shell:Creating package script '/home/habiba/AP25_Stepper_RnD/install/stepper_pkg/share/stepper_pkg/package.zsh'
[1.429s] Level 1:colcon.colcon_core.environment:create_file_with_runtime_dependencies(/home/habiba/AP25_Stepper_RnD/install/stepper_pkg/share/colcon-core/packages/stepper_pkg)
[1.429s] DEBUG:colcon.colcon_parallel_executor.executor.parallel:closing loop
[1.429s] DEBUG:colcon.colcon_parallel_executor.executor.parallel:loop closed
[1.429s] DEBUG:colcon.colcon_parallel_executor.executor.parallel:run_until_complete finished with '0'
[1.429s] DEBUG:colcon.colcon_core.event_reactor:joining thread
[1.435s] INFO:colcon.colcon_core.plugin_system:Skipping extension 'colcon_notification.desktop_notification.terminal_notifier': Not used on non-Darwin systems
[1.435s] INFO:colcon.colcon_core.plugin_system:Skipping extension 'colcon_notification.desktop_notification.win32': Not used on non-Windows systems
[1.435s] INFO:colcon.colcon_notification.desktop_notification:Sending desktop notification using 'notify2'
[1.452s] DEBUG:colcon.colcon_core.event_reactor:joined thread
[1.452s] INFO:colcon.colcon_core.shell:Creating prefix script '/home/habiba/AP25_Stepper_RnD/install/local_setup.ps1'
[1.453s] INFO:colcon.colcon_core.shell:Creating prefix util module '/home/habiba/AP25_Stepper_RnD/install/_local_setup_util_ps1.py'
[1.455s] INFO:colcon.colcon_core.shell:Creating prefix chain script '/home/habiba/AP25_Stepper_RnD/install/setup.ps1'
[1.456s] INFO:colcon.colcon_core.shell:Creating prefix script '/home/habiba/AP25_Stepper_RnD/install/local_setup.sh'
[1.456s] INFO:colcon.colcon_core.shell:Creating prefix util module '/home/habiba/AP25_Stepper_RnD/install/_local_setup_util_sh.py'
[1.457s] INFO:colcon.colcon_core.shell:Creating prefix chain script '/home/habiba/AP25_Stepper_RnD/install/setup.sh'
[1.458s] INFO:colcon.colcon_core.shell:Creating prefix script '/home/habiba/AP25_Stepper_RnD/install/local_setup.bash'
[1.459s] INFO:colcon.colcon_core.shell:Creating prefix chain script '/home/habiba/AP25_Stepper_RnD/install/setup.bash'
[1.459s] INFO:colcon.colcon_core.shell:Creating prefix script '/home/habiba/AP25_Stepper_RnD/install/local_setup.zsh'
[1.460s] INFO:colcon.colcon_core.shell:Creating prefix chain script '/home/habiba/AP25_Stepper_RnD/install/setup.zsh'
