[4.943s] Invoking command in '/home/habibashaker/AP25_Stepper_RnD/src/stepper_pkg': PYTHONPATH=/home/habibashaker/AP25_Stepper_RnD/build/stepper_pkg/prefix_override:/usr/lib/python3/dist-packages/colcon_core/task/python/colcon_distutils_commands:/home/habibashaker/AP25_Stepper_RnD/install/stepper_pkg/lib/python3.10/site-packages:${PYTHONPATH} /usr/bin/python3 -W ignore:setup.py install is deprecated setup.py egg_info --egg-base ../../build/stepper_pkg build --build-base /home/habibashaker/AP25_Stepper_RnD/build/stepper_pkg/build install --record /home/habibashaker/AP25_Stepper_RnD/build/stepper_pkg/install.log --single-version-externally-managed install_data
[6.402s] running egg_info
[6.405s] writing ../../build/stepper_pkg/stepper_pkg.egg-info/PKG-INFO
[6.412s] writing dependency_links to ../../build/stepper_pkg/stepper_pkg.egg-info/dependency_links.txt
[6.413s] writing entry points to ../../build/stepper_pkg/stepper_pkg.egg-info/entry_points.txt
[6.413s] writing requirements to ../../build/stepper_pkg/stepper_pkg.egg-info/requires.txt
[6.414s] writing top-level names to ../../build/stepper_pkg/stepper_pkg.egg-info/top_level.txt
[6.423s] reading manifest file '../../build/stepper_pkg/stepper_pkg.egg-info/SOURCES.txt'
[6.434s] writing manifest file '../../build/stepper_pkg/stepper_pkg.egg-info/SOURCES.txt'
[6.435s] running build
[6.439s] running build_py
[6.440s] running install
[6.447s] running install_lib
[6.460s] running install_data
[6.467s] running install_egg_info
[6.475s] removing '/home/habibashaker/AP25_Stepper_RnD/install/stepper_pkg/lib/python3.10/site-packages/stepper_pkg-0.0.0-py3.10.egg-info' (and everything under it)
[6.481s] Copying ../../build/stepper_pkg/stepper_pkg.egg-info to /home/habibashaker/AP25_Stepper_RnD/install/stepper_pkg/lib/python3.10/site-packages/stepper_pkg-0.0.0-py3.10.egg-info
[6.487s] running install_scripts
[6.605s] Installing stepper_command script to /home/habibashaker/AP25_Stepper_RnD/install/stepper_pkg/lib/stepper_pkg
[6.613s] writing list of installed files to '/home/habibashaker/AP25_Stepper_RnD/build/stepper_pkg/install.log'
[6.778s] Invoked command in '/home/habibashaker/AP25_Stepper_RnD/src/stepper_pkg' returned '0': PYTHONPATH=/home/habibashaker/AP25_Stepper_RnD/build/stepper_pkg/prefix_override:/usr/lib/python3/dist-packages/colcon_core/task/python/colcon_distutils_commands:/home/habibashaker/AP25_Stepper_RnD/install/stepper_pkg/lib/python3.10/site-packages:${PYTHONPATH} /usr/bin/python3 -W ignore:setup.py install is deprecated setup.py egg_info --egg-base ../../build/stepper_pkg build --build-base /home/habibashaker/AP25_Stepper_RnD/build/stepper_pkg/build install --record /home/habibashaker/AP25_Stepper_RnD/build/stepper_pkg/install.log --single-version-externally-managed install_data
